<?xml version="1.0" encoding="UTF-8"?>
<testsuite name="kirimaru.restapi.defultRestControllerTest" tests="3" skipped="0" failures="0" errors="0" timestamp="2021-06-08T14:55:19" hostname="MIZUKAMIHIROTO" time="0.075">
  <properties/>
  <testcase name="success()" classname="kirimaru.restapi.defultRestControllerTest" time="0.041"/>
  <testcase name="hogeError()" classname="kirimaru.restapi.defultRestControllerTest" time="0.017"/>
  <testcase name="runtimeException()" classname="kirimaru.restapi.defultRestControllerTest" time="0.015"/>
  <system-out><![CDATA[2021-06-08 23:55:17.118  INFO 9988 --- [    Test worker] .b.t.a.w.s.WebMvcTestContextBootstrapper : Neither @ContextConfiguration nor @ContextHierarchy found for test class [kirimaru.restapi.defultRestControllerTest], using SpringBootContextLoader
2021-06-08 23:55:17.122  INFO 9988 --- [    Test worker] o.s.t.c.support.AbstractContextLoader    : Could not detect default resource locations for test class [kirimaru.restapi.defultRestControllerTest]: no resource found for suffixes {-context.xml, Context.groovy}.
2021-06-08 23:55:17.123  INFO 9988 --- [    Test worker] t.c.s.AnnotationConfigContextLoaderUtils : Could not detect default configuration classes for test class [kirimaru.restapi.defultRestControllerTest]: defultRestControllerTest does not declare any static, non-private, non-final, nested classes annotated with @Configuration.
2021-06-08 23:55:17.135  INFO 9988 --- [    Test worker] .b.t.c.SpringBootTestContextBootstrapper : Found @SpringBootConfiguration kirimaru.DemoApplication for test class kirimaru.restapi.defultRestControllerTest
2021-06-08 23:55:17.138  INFO 9988 --- [    Test worker] .b.t.a.w.s.WebMvcTestContextBootstrapper : Loaded default TestExecutionListener class names from location [META-INF/spring.factories]: [org.springframework.boot.test.autoconfigure.restdocs.RestDocsTestExecutionListener, org.springframework.boot.test.autoconfigure.web.client.MockRestServiceServerResetTestExecutionListener, org.springframework.boot.test.autoconfigure.web.servlet.MockMvcPrintOnlyOnFailureTestExecutionListener, org.springframework.boot.test.autoconfigure.web.servlet.WebDriverTestExecutionListener, org.springframework.boot.test.autoconfigure.webservices.client.MockWebServiceServerTestExecutionListener, org.springframework.boot.test.mock.mockito.MockitoTestExecutionListener, org.springframework.boot.test.mock.mockito.ResetMocksTestExecutionListener, org.springframework.test.context.web.ServletTestExecutionListener, org.springframework.test.context.support.DirtiesContextBeforeModesTestExecutionListener, org.springframework.test.context.event.ApplicationEventsTestExecutionListener, org.springframework.test.context.support.DependencyInjectionTestExecutionListener, org.springframework.test.context.support.DirtiesContextTestExecutionListener, org.springframework.test.context.transaction.TransactionalTestExecutionListener, org.springframework.test.context.jdbc.SqlScriptsTestExecutionListener, org.springframework.test.context.event.EventPublishingTestExecutionListener]
2021-06-08 23:55:17.141  INFO 9988 --- [    Test worker] .b.t.a.w.s.WebMvcTestContextBootstrapper : Using TestExecutionListeners: [org.springframework.test.context.web.ServletTestExecutionListener@7ae5a9c0, org.springframework.test.context.support.DirtiesContextBeforeModesTestExecutionListener@41192a03, org.springframework.test.context.event.ApplicationEventsTestExecutionListener@67f58d7f, org.springframework.boot.test.mock.mockito.MockitoTestExecutionListener@37f841ec, org.springframework.boot.test.autoconfigure.SpringBootDependencyInjectionTestExecutionListener@6084557a, org.springframework.test.context.support.DirtiesContextTestExecutionListener@6845225b, org.springframework.test.context.transaction.TransactionalTestExecutionListener@2310d459, org.springframework.test.context.jdbc.SqlScriptsTestExecutionListener@569206f6, org.springframework.test.context.event.EventPublishingTestExecutionListener@14ffa6db, org.springframework.boot.test.autoconfigure.restdocs.RestDocsTestExecutionListener@556909e5, org.springframework.boot.test.autoconfigure.web.client.MockRestServiceServerResetTestExecutionListener@707ebd0d, org.springframework.boot.test.autoconfigure.web.servlet.MockMvcPrintOnlyOnFailureTestExecutionListener@361da042, org.springframework.boot.test.autoconfigure.web.servlet.WebDriverTestExecutionListener@5f3d0124, org.springframework.boot.test.autoconfigure.webservices.client.MockWebServiceServerTestExecutionListener@42860d07, org.springframework.boot.test.mock.mockito.ResetMocksTestExecutionListener@4795568f]

  .   ____          _            __ _ _
 /\\ / ___'_ __ _ _(_)_ __  __ _ \ \ \ \
( ( )\___ | '_ | '_| | '_ \/ _` | \ \ \ \
 \\/  ___)| |_)| | | | | || (_| |  ) ) ) )
  '  |____| .__|_| |_|_| |_\__, | / / / /
 =========|_|==============|___/=/_/_/_/
 :: Spring Boot ::                (v2.4.5)

2021-06-08 23:55:17.259  INFO 9988 --- [    Test worker] k.restapi.defultRestControllerTest       : Starting defultRestControllerTest using Java 15.0.1 on MizukamiHiroto with PID 9988 (started by nainai in C:\Users\naina\products\cucumber-sample\kirimaru-backend)
2021-06-08 23:55:17.261  INFO 9988 --- [    Test worker] k.restapi.defultRestControllerTest       : The following profiles are active: ut,common,external-ut,repository-ut
2021-06-08 23:55:17.936  INFO 9988 --- [    Test worker] kirimaru.config.ExternalProperties       : ********************
2021-06-08 23:55:17.936  INFO 9988 --- [    Test worker] kirimaru.config.ExternalProperties       : FacebookProperties(super=ExternalProperties(host=localhost, protocol=http, port=10080, endpoint=facebook, timeout=3, rootUrl=http://localhost:10080/facebook))
2021-06-08 23:55:17.936  INFO 9988 --- [    Test worker] kirimaru.config.ExternalProperties       : ********************
2021-06-08 23:55:17.965  INFO 9988 --- [    Test worker] kirimaru.config.ExternalProperties       : ********************
2021-06-08 23:55:17.965  INFO 9988 --- [    Test worker] kirimaru.config.ExternalProperties       : TwitterProperties(super=ExternalProperties(host=localhost, protocol=http, port=80, endpoint=twitter, timeout=3, rootUrl=http://localhost:80/twitter))
2021-06-08 23:55:17.966  INFO 9988 --- [    Test worker] kirimaru.config.ExternalProperties       : ********************
あいうえお
ZipCloudClientProperties(super=ExternalProperties(schema=null, host=null, port=0, path=null, connectionTimeout=0, readTimeout=0, rootUrl=))
かきくけこ
2021-06-08 23:55:18.217  INFO 9988 --- [    Test worker] k.e.operation.RestOperationFactory       : Initialize RestTemplate completed. properties=[ZipCloudClientProperties(super=ExternalProperties(schema=null, host=null, port=0, path=null, connectionTimeout=0, readTimeout=0, rootUrl=))]
2021-06-08 23:55:18.561  INFO 9988 --- [    Test worker] o.s.s.concurrent.ThreadPoolTaskExecutor  : Initializing ExecutorService 'applicationTaskExecutor'
2021-06-08 23:55:19.227  INFO 9988 --- [    Test worker] o.s.b.t.m.w.SpringBootMockServletContext : Initializing Spring TestDispatcherServlet ''
2021-06-08 23:55:19.227  INFO 9988 --- [    Test worker] o.s.t.web.servlet.TestDispatcherServlet  : Initializing Servlet ''
2021-06-08 23:55:19.228  INFO 9988 --- [    Test worker] o.s.t.web.servlet.TestDispatcherServlet  : Completed initialization in 1 ms
2021-06-08 23:55:19.280  INFO 9988 --- [    Test worker] k.restapi.defultRestControllerTest       : Started defultRestControllerTest in 2.131 seconds (JVM running for 45.33)
2021-06-08 23:55:19.298  INFO 9988 --- [    Test worker] k.r.interceptor.MaintenanceInterceptor   : preHandle
2021-06-08 23:55:19.321 ERROR 9988 --- [    Test worker] k.r.interceptor.MaintenanceInterceptor   : postHandle
2021-06-08 23:55:19.323 ERROR 9988 --- [    Test worker] k.r.interceptor.MaintenanceInterceptor   : afterCompletion
2021-06-08 23:55:19.335  INFO 9988 --- [    Test worker] k.r.interceptor.MaintenanceInterceptor   : preHandle
2021-06-08 23:55:19.340 ERROR 9988 --- [    Test worker] k.r.interceptor.MaintenanceInterceptor   : afterCompletion
2021-06-08 23:55:19.353  INFO 9988 --- [    Test worker] k.r.interceptor.MaintenanceInterceptor   : preHandle
2021-06-08 23:55:19.355 ERROR 9988 --- [    Test worker] k.r.interceptor.MaintenanceInterceptor   : afterCompletion
]]></system-out>
  <system-err><![CDATA[]]></system-err>
</testsuite>
