<?xml version="1.0" encoding="UTF-8"?>
<testsuite name="kirimaru.biz.repository.QuestionRepositoryImplTest" tests="1" skipped="0" failures="0" errors="0" timestamp="2021-06-09T13:43:51" hostname="MIZUKAMIHIROTO" time="2.613">
  <properties/>
  <testcase name="取得した問題数がパラメータと同じであること。取得した問題がパラメータのジャンルと一致していること取得した場合は ジャンル単位で取得した問題数 にばらつきが無いことパラメータで指定していないジャンルは取得していないこと" classname="kirimaru.biz.repository.QuestionRepositoryImplTest" time="2.613"/>
  <system-out><![CDATA[]]></system-out>
  <system-err><![CDATA[]]></system-err>
</testsuite>
