<?xml version="1.0" encoding="UTF-8"?>
<testsuite name="kirimaru.biz.domain.spel.ArithmeticOperatorsTests$Default" tests="1" skipped="1" failures="0" errors="0" timestamp="2021-06-08T14:55:06" hostname="MIZUKAMIHIROTO" time="0.0">
  <properties/>
  <testcase name="test_01()" classname="kirimaru.biz.domain.spel.ArithmeticOperatorsTests$Default" time="0.0">
    <skipped/>
  </testcase>
  <system-out><![CDATA[]]></system-out>
  <system-err><![CDATA[]]></system-err>
</testsuite>
