<?xml version="1.0" encoding="UTF-8"?>
<testsuite name="kirimaru.biz.domain.OthelloTest" tests="6" skipped="1" failures="0" errors="0" timestamp="2021-06-09T13:43:49" hostname="MIZUKAMIHIROTO" time="0.013">
  <properties/>
  <testcase name="[1] param=OthelloTest.CanSetPlayerPieceTest(player=1, row=0, column=0, result=false)" classname="kirimaru.biz.domain.OthelloTest" time="0.002"/>
  <testcase name="[2] param=OthelloTest.CanSetPlayerPieceTest(player=1, row=2, column=3, result=false)" classname="kirimaru.biz.domain.OthelloTest" time="0.0"/>
  <testcase name="[3] param=OthelloTest.CanSetPlayerPieceTest(player=2, row=2, column=3, result=true)" classname="kirimaru.biz.domain.OthelloTest" time="0.002"/>
  <testcase name="[4] param=OthelloTest.CanSetPlayerPieceTest(player=1, row=4, column=2, result=true)" classname="kirimaru.biz.domain.OthelloTest" time="0.001"/>
  <testcase name="[5] param=OthelloTest.CanSetPlayerPieceTest(player=2, row=4, column=2, result=false)" classname="kirimaru.biz.domain.OthelloTest" time="0.001"/>
  <testcase name="ゲーム開始" classname="kirimaru.biz.domain.OthelloTest" time="0.0">
    <skipped/>
  </testcase>
  <system-out><![CDATA[]]></system-out>
  <system-err><![CDATA[]]></system-err>
</testsuite>
