<?xml version="1.0" encoding="UTF-8"?>
<testsuite name="kirimaru.biz.domain.AssertX" tests="4" skipped="4" failures="0" errors="0" timestamp="2021-06-09T13:43:14" hostname="MIZUKAMIHIROTO" time="0.003">
  <properties/>
  <testcase name="_assertThatThrownBy()" classname="kirimaru.biz.domain.AssertX" time="0.0">
    <skipped/>
  </testcase>
  <testcase name="_assertThat()" classname="kirimaru.biz.domain.AssertX" time="0.0">
    <skipped/>
  </testcase>
  <testcase name="assertThatの検証2" classname="kirimaru.biz.domain.AssertX" time="0.001">
    <skipped/>
  </testcase>
  <testcase name="_assertEquals()" classname="kirimaru.biz.domain.AssertX" time="0.001">
    <skipped/>
  </testcase>
  <system-out><![CDATA[]]></system-out>
  <system-err><![CDATA[]]></system-err>
</testsuite>
