<?xml version="1.0" encoding="UTF-8"?>
<testsuite name="kirimaru.biz.domain.AnotationTests" tests="2" skipped="0" failures="0" errors="0" timestamp="2021-06-09T13:43:07" hostname="MIZUKAMIHIROTO" time="0.093">
  <properties/>
  <testcase name="test_01()" classname="kirimaru.biz.domain.AnotationTests" time="0.089"/>
  <testcase name="test_02()" classname="kirimaru.biz.domain.AnotationTests" time="0.002"/>
  <system-out><![CDATA[2021-06-09 22:43:07.303  INFO 18184 --- [    Test worker] o.s.t.c.s.DefaultTestContextBootstrapper : Using TestExecutionListeners: [kirimaru.helper.listeners.DBSetupListener@6109aa21]
2021-06-09 22:43:07.313  INFO 18184 --- [    Test worker] k.helper.listeners.DBSetupListener       : ゴリラ
2021-06-09 22:43:07.314  INFO 18184 --- [    Test worker] k.helper.listeners.DBSetupListener       : ああああ
キリン
コアラ
]]></system-out>
  <system-err><![CDATA[]]></system-err>
</testsuite>
