<?xml version="1.0" encoding="UTF-8"?>
<testsuite name="kirimaru.external.zip_cloud.ZipCloudClientPropertiesTests" tests="1" skipped="0" failures="0" errors="0" timestamp="2021-06-09T13:44:02" hostname="MIZUKAMIHIROTO" time="0.02">
  <properties/>
  <testcase name="test_02()" classname="kirimaru.external.zip_cloud.ZipCloudClientPropertiesTests" time="0.02"/>
  <system-out><![CDATA[2021-06-09 22:44:02.576  INFO 18184 --- [    Test worker] o.s.t.c.support.AbstractContextLoader    : Could not detect default resource locations for test class [kirimaru.external.zip_cloud.ZipCloudClientPropertiesTests]: no resource found for suffixes {-context.xml, Context.groovy}.
2021-06-09 22:44:02.576  INFO 18184 --- [    Test worker] t.c.s.AnnotationConfigContextLoaderUtils : Could not detect default configuration classes for test class [kirimaru.external.zip_cloud.ZipCloudClientPropertiesTests]: ZipCloudClientPropertiesTests does not declare any static, non-private, non-final, nested classes annotated with @Configuration.
2021-06-09 22:44:02.578  INFO 18184 --- [    Test worker] o.s.t.c.s.DefaultTestContextBootstrapper : Loaded default TestExecutionListener class names from location [META-INF/spring.factories]: [org.springframework.boot.test.autoconfigure.restdocs.RestDocsTestExecutionListener, org.springframework.boot.test.autoconfigure.web.client.MockRestServiceServerResetTestExecutionListener, org.springframework.boot.test.autoconfigure.web.servlet.MockMvcPrintOnlyOnFailureTestExecutionListener, org.springframework.boot.test.autoconfigure.web.servlet.WebDriverTestExecutionListener, org.springframework.boot.test.autoconfigure.webservices.client.MockWebServiceServerTestExecutionListener, org.springframework.boot.test.mock.mockito.MockitoTestExecutionListener, org.springframework.boot.test.mock.mockito.ResetMocksTestExecutionListener, org.springframework.test.context.web.ServletTestExecutionListener, org.springframework.test.context.support.DirtiesContextBeforeModesTestExecutionListener, org.springframework.test.context.event.ApplicationEventsTestExecutionListener, org.springframework.test.context.support.DependencyInjectionTestExecutionListener, org.springframework.test.context.support.DirtiesContextTestExecutionListener, org.springframework.test.context.transaction.TransactionalTestExecutionListener, org.springframework.test.context.jdbc.SqlScriptsTestExecutionListener, org.springframework.test.context.event.EventPublishingTestExecutionListener]
2021-06-09 22:44:02.578  INFO 18184 --- [    Test worker] o.s.t.c.s.DefaultTestContextBootstrapper : Using TestExecutionListeners: [org.springframework.test.context.web.ServletTestExecutionListener@2b1485e3, org.springframework.test.context.support.DirtiesContextBeforeModesTestExecutionListener@2029d810, org.springframework.test.context.event.ApplicationEventsTestExecutionListener@6ecf985e, org.springframework.boot.test.mock.mockito.MockitoTestExecutionListener@3f0f000e, org.springframework.test.context.support.DependencyInjectionTestExecutionListener@30bbb191, org.springframework.test.context.support.DirtiesContextTestExecutionListener@5ebc06ce, org.springframework.test.context.transaction.TransactionalTestExecutionListener@4c23782f, org.springframework.test.context.jdbc.SqlScriptsTestExecutionListener@beb0ed5, org.springframework.test.context.event.EventPublishingTestExecutionListener@66311100, org.springframework.boot.test.autoconfigure.restdocs.RestDocsTestExecutionListener@5885e17e, org.springframework.boot.test.autoconfigure.web.client.MockRestServiceServerResetTestExecutionListener@f300841, org.springframework.boot.test.autoconfigure.web.servlet.MockMvcPrintOnlyOnFailureTestExecutionListener@5c7e32d4, org.springframework.boot.test.autoconfigure.web.servlet.WebDriverTestExecutionListener@3229814a, org.springframework.boot.test.autoconfigure.webservices.client.MockWebServiceServerTestExecutionListener@45d01860, org.springframework.boot.test.mock.mockito.ResetMocksTestExecutionListener@4a2d629b]
あいうえお
ZipCloudClientProperties(super=ExternalProperties(schema=null, host=null, port=0, path=null, connectionTimeout=0, readTimeout=0, rootUrl=))
]]></system-out>
  <system-err><![CDATA[]]></system-err>
</testsuite>
