<?xml version="1.0" encoding="UTF-8"?>
<testsuite name="kirimaru.biz.domain.SpringBootTests" tests="1" skipped="0" failures="0" errors="0" timestamp="2021-06-09T13:43:50" hostname="MIZUKAMIHIROTO" time="0.035">
  <properties/>
  <testcase name="test_01()" classname="kirimaru.biz.domain.SpringBootTests" time="0.035"/>
  <system-out><![CDATA[2021-06-09 22:43:49.739  INFO 18184 --- [    Test worker] .b.t.c.SpringBootTestContextBootstrapper : Neither @ContextConfiguration nor @ContextHierarchy found for test class [kirimaru.biz.domain.SpringBootTests], using SpringBootContextLoader
2021-06-09 22:43:49.742  INFO 18184 --- [    Test worker] o.s.t.c.support.AbstractContextLoader    : Could not detect default resource locations for test class [kirimaru.biz.domain.SpringBootTests]: no resource found for suffixes {-context.xml, Context.groovy}.
2021-06-09 22:43:49.749  INFO 18184 --- [    Test worker] .b.t.c.SpringBootTestContextBootstrapper : Loaded default TestExecutionListener class names from location [META-INF/spring.factories]: [org.springframework.boot.test.autoconfigure.restdocs.RestDocsTestExecutionListener, org.springframework.boot.test.autoconfigure.web.client.MockRestServiceServerResetTestExecutionListener, org.springframework.boot.test.autoconfigure.web.servlet.MockMvcPrintOnlyOnFailureTestExecutionListener, org.springframework.boot.test.autoconfigure.web.servlet.WebDriverTestExecutionListener, org.springframework.boot.test.autoconfigure.webservices.client.MockWebServiceServerTestExecutionListener, org.springframework.boot.test.mock.mockito.MockitoTestExecutionListener, org.springframework.boot.test.mock.mockito.ResetMocksTestExecutionListener, org.springframework.test.context.web.ServletTestExecutionListener, org.springframework.test.context.support.DirtiesContextBeforeModesTestExecutionListener, org.springframework.test.context.event.ApplicationEventsTestExecutionListener, org.springframework.test.context.support.DependencyInjectionTestExecutionListener, org.springframework.test.context.support.DirtiesContextTestExecutionListener, org.springframework.test.context.transaction.TransactionalTestExecutionListener, org.springframework.test.context.jdbc.SqlScriptsTestExecutionListener, org.springframework.test.context.event.EventPublishingTestExecutionListener]
2021-06-09 22:43:49.751  INFO 18184 --- [    Test worker] .b.t.c.SpringBootTestContextBootstrapper : Using TestExecutionListeners: [org.springframework.test.context.web.ServletTestExecutionListener@6b78a727, org.springframework.test.context.support.DirtiesContextBeforeModesTestExecutionListener@2499bb0a, org.springframework.test.context.event.ApplicationEventsTestExecutionListener@2bd3ae1d, org.springframework.boot.test.mock.mockito.MockitoTestExecutionListener@3b83ac0f, org.springframework.boot.test.autoconfigure.SpringBootDependencyInjectionTestExecutionListener@15ec65c7, org.springframework.test.context.support.DirtiesContextTestExecutionListener@7c44dd9b, org.springframework.test.context.transaction.TransactionalTestExecutionListener@4a513748, org.springframework.test.context.jdbc.SqlScriptsTestExecutionListener@6c1419d9, org.springframework.test.context.event.EventPublishingTestExecutionListener@1a208bc1, org.springframework.boot.test.autoconfigure.restdocs.RestDocsTestExecutionListener@40d2351b, org.springframework.boot.test.autoconfigure.web.client.MockRestServiceServerResetTestExecutionListener@37ab13e, org.springframework.boot.test.autoconfigure.web.servlet.MockMvcPrintOnlyOnFailureTestExecutionListener@4f6caa59, org.springframework.boot.test.autoconfigure.web.servlet.WebDriverTestExecutionListener@518c5ef6, org.springframework.boot.test.autoconfigure.webservices.client.MockWebServiceServerTestExecutionListener@a7d331, org.springframework.boot.test.mock.mockito.ResetMocksTestExecutionListener@5602715a]

  .   ____          _            __ _ _
 /\\ / ___'_ __ _ _(_)_ __  __ _ \ \ \ \
( ( )\___ | '_ | '_| | '_ \/ _` | \ \ \ \
 \\/  ___)| |_)| | | | | || (_| |  ) ) ) )
  '  |____| .__|_| |_|_| |_\__, | / / / /
 =========|_|==============|___/=/_/_/_/
 :: Spring Boot ::                (v2.4.5)

2021-06-09 22:43:49.901  INFO 18184 --- [    Test worker] kirimaru.biz.domain.SpringBootTests      : Starting SpringBootTests using Java 15.0.1 on MizukamiHiroto with PID 18184 (started by nainai in C:\Users\naina\products\cucumber-sample\kirimaru-backend)
2021-06-09 22:43:49.902  INFO 18184 --- [    Test worker] kirimaru.biz.domain.SpringBootTests      : The following profiles are active: ut,common,external-ut,repository-ut
2021-06-09 22:43:50.032  INFO 18184 --- [    Test worker] kirimaru.biz.domain.SpringBootTests      : Started SpringBootTests in 0.276 seconds (JVM running for 74.523)
]]></system-out>
  <system-err><![CDATA[]]></system-err>
</testsuite>
