<?xml version="1.0" encoding="UTF-8"?>
<testsuite name="kirimaru.config.TwitterPropertiesTests" tests="1" skipped="0" failures="0" errors="0" timestamp="2021-06-09T13:43:55" hostname="MIZUKAMIHIROTO" time="0.061">
  <properties/>
  <testcase name="test_02()" classname="kirimaru.config.TwitterPropertiesTests" time="0.061"/>
  <system-out><![CDATA[2021-06-09 22:43:55.554  INFO 18184 --- [    Test worker] o.s.t.c.support.AbstractContextLoader    : Could not detect default resource locations for test class [kirimaru.config.TwitterPropertiesTests]: no resource found for suffixes {-context.xml, Context.groovy}.
2021-06-09 22:43:55.555  INFO 18184 --- [    Test worker] t.c.s.AnnotationConfigContextLoaderUtils : Could not detect default configuration classes for test class [kirimaru.config.TwitterPropertiesTests]: TwitterPropertiesTests does not declare any static, non-private, non-final, nested classes annotated with @Configuration.
2021-06-09 22:43:55.557  INFO 18184 --- [    Test worker] o.s.t.c.s.DefaultTestContextBootstrapper : Loaded default TestExecutionListener class names from location [META-INF/spring.factories]: [org.springframework.boot.test.autoconfigure.restdocs.RestDocsTestExecutionListener, org.springframework.boot.test.autoconfigure.web.client.MockRestServiceServerResetTestExecutionListener, org.springframework.boot.test.autoconfigure.web.servlet.MockMvcPrintOnlyOnFailureTestExecutionListener, org.springframework.boot.test.autoconfigure.web.servlet.WebDriverTestExecutionListener, org.springframework.boot.test.autoconfigure.webservices.client.MockWebServiceServerTestExecutionListener, org.springframework.boot.test.mock.mockito.MockitoTestExecutionListener, org.springframework.boot.test.mock.mockito.ResetMocksTestExecutionListener, org.springframework.test.context.web.ServletTestExecutionListener, org.springframework.test.context.support.DirtiesContextBeforeModesTestExecutionListener, org.springframework.test.context.event.ApplicationEventsTestExecutionListener, org.springframework.test.context.support.DependencyInjectionTestExecutionListener, org.springframework.test.context.support.DirtiesContextTestExecutionListener, org.springframework.test.context.transaction.TransactionalTestExecutionListener, org.springframework.test.context.jdbc.SqlScriptsTestExecutionListener, org.springframework.test.context.event.EventPublishingTestExecutionListener]
2021-06-09 22:43:55.560  INFO 18184 --- [    Test worker] o.s.t.c.s.DefaultTestContextBootstrapper : Using TestExecutionListeners: [org.springframework.test.context.web.ServletTestExecutionListener@400a441e, org.springframework.test.context.support.DirtiesContextBeforeModesTestExecutionListener@16a9329, org.springframework.test.context.event.ApplicationEventsTestExecutionListener@21032bb, org.springframework.boot.test.mock.mockito.MockitoTestExecutionListener@54dbf498, org.springframework.test.context.support.DependencyInjectionTestExecutionListener@46e370a9, org.springframework.test.context.support.DirtiesContextTestExecutionListener@13454087, org.springframework.test.context.transaction.TransactionalTestExecutionListener@10433dbe, org.springframework.test.context.jdbc.SqlScriptsTestExecutionListener@1b37741a, org.springframework.test.context.event.EventPublishingTestExecutionListener@468c29ed, org.springframework.boot.test.autoconfigure.restdocs.RestDocsTestExecutionListener@7f7408c3, org.springframework.boot.test.autoconfigure.web.client.MockRestServiceServerResetTestExecutionListener@76d3645e, org.springframework.boot.test.autoconfigure.web.servlet.MockMvcPrintOnlyOnFailureTestExecutionListener@56e4593a, org.springframework.boot.test.autoconfigure.web.servlet.WebDriverTestExecutionListener@7180c14a, org.springframework.boot.test.autoconfigure.webservices.client.MockWebServiceServerTestExecutionListener@2e6deda9, org.springframework.boot.test.mock.mockito.ResetMocksTestExecutionListener@43719dae]
2021-06-09 22:43:55.791  INFO 18184 --- [    Test worker] kirimaru.config.ExternalProperties       : ********************
2021-06-09 22:43:55.791  INFO 18184 --- [    Test worker] kirimaru.config.ExternalProperties       : TwitterProperties(super=ExternalProperties(host=localhost, protocol=http, port=80, endpoint=twitter, timeout=3, rootUrl=http://localhost:80/twitter))
2021-06-09 22:43:55.791  INFO 18184 --- [    Test worker] kirimaru.config.ExternalProperties       : ********************
]]></system-out>
  <system-err><![CDATA[]]></system-err>
</testsuite>
