<?xml version="1.0" encoding="UTF-8"?>
<testsuite name="kirimaru.biz.domain.ReflectionTests$Reflect" tests="7" skipped="2" failures="0" errors="0" timestamp="2021-06-09T13:43:49" hostname="MIZUKAMIHIROTO" time="0.084">
  <properties/>
  <testcase name="publicなものを取得する" classname="kirimaru.biz.domain.ReflectionTests$Reflect" time="0.011"/>
  <testcase name="test_02()" classname="kirimaru.biz.domain.ReflectionTests$Reflect" time="0.009"/>
  <testcase name="test_03()" classname="kirimaru.biz.domain.ReflectionTests$Reflect" time="0.023"/>
  <testcase name="test_04()" classname="kirimaru.biz.domain.ReflectionTests$Reflect" time="0.033"/>
  <testcase name="test_05()" classname="kirimaru.biz.domain.ReflectionTests$Reflect" time="0.0">
    <skipped/>
  </testcase>
  <testcase name="test_06()" classname="kirimaru.biz.domain.ReflectionTests$Reflect" time="0.0">
    <skipped/>
  </testcase>
  <testcase name="test_01_01()" classname="kirimaru.biz.domain.ReflectionTests$Reflect" time="0.001"/>
  <system-out><![CDATA[]]></system-out>
  <system-err><![CDATA[]]></system-err>
</testsuite>
