<?xml version="1.0" encoding="UTF-8"?>
<testsuite name="kirimaru.biz.domain.NumToNumArrayTest$性能チェック" tests="3" skipped="3" failures="0" errors="0" timestamp="2021-06-08T14:55:06" hostname="MIZUKAMIHIROTO" time="0.0">
  <properties/>
  <testcase name="test_01()" classname="kirimaru.biz.domain.NumToNumArrayTest$性能チェック" time="0.0">
    <skipped/>
  </testcase>
  <testcase name="test_02()" classname="kirimaru.biz.domain.NumToNumArrayTest$性能チェック" time="0.0">
    <skipped/>
  </testcase>
  <testcase name="test_03()" classname="kirimaru.biz.domain.NumToNumArrayTest$性能チェック" time="0.0">
    <skipped/>
  </testcase>
  <system-out><![CDATA[]]></system-out>
  <system-err><![CDATA[]]></system-err>
</testsuite>
