<?xml version="1.0" encoding="UTF-8"?>
<testsuite name="kirimaru.biz.domain.weather.WeatherDomainServiceTests$NoHeader" tests="1" skipped="0" failures="0" errors="0" timestamp="2021-06-09T13:43:50" hostname="MIZUKAMIHIROTO" time="0.698">
  <properties/>
  <testcase name="test_01()" classname="kirimaru.biz.domain.weather.WeatherDomainServiceTests$NoHeader" time="0.698"/>
  <system-out><![CDATA[]]></system-out>
  <system-err><![CDATA[]]></system-err>
</testsuite>
