<?xml version="1.0" encoding="UTF-8"?>
<testsuite name="kirimaru.biz.domain.spel.ArithmeticOperatorsTests$Spring" tests="1" skipped="0" failures="0" errors="0" timestamp="2021-06-09T13:43:49" hostname="MIZUKAMIHIROTO" time="0.063">
  <properties/>
  <testcase name="DIしないと値を取得できない" classname="kirimaru.biz.domain.spel.ArithmeticOperatorsTests$Spring" time="0.063"/>
  <system-out><![CDATA[2021-06-09 22:43:49.529  INFO 18184 --- [    Test worker] o.s.t.c.s.DefaultTestContextBootstrapper : Loaded default TestExecutionListener class names from location [META-INF/spring.factories]: [org.springframework.boot.test.autoconfigure.restdocs.RestDocsTestExecutionListener, org.springframework.boot.test.autoconfigure.web.client.MockRestServiceServerResetTestExecutionListener, org.springframework.boot.test.autoconfigure.web.servlet.MockMvcPrintOnlyOnFailureTestExecutionListener, org.springframework.boot.test.autoconfigure.web.servlet.WebDriverTestExecutionListener, org.springframework.boot.test.autoconfigure.webservices.client.MockWebServiceServerTestExecutionListener, org.springframework.boot.test.mock.mockito.MockitoTestExecutionListener, org.springframework.boot.test.mock.mockito.ResetMocksTestExecutionListener, org.springframework.test.context.web.ServletTestExecutionListener, org.springframework.test.context.support.DirtiesContextBeforeModesTestExecutionListener, org.springframework.test.context.event.ApplicationEventsTestExecutionListener, org.springframework.test.context.support.DependencyInjectionTestExecutionListener, org.springframework.test.context.support.DirtiesContextTestExecutionListener, org.springframework.test.context.transaction.TransactionalTestExecutionListener, org.springframework.test.context.jdbc.SqlScriptsTestExecutionListener, org.springframework.test.context.event.EventPublishingTestExecutionListener]
2021-06-09 22:43:49.530  INFO 18184 --- [    Test worker] o.s.t.c.s.DefaultTestContextBootstrapper : Using TestExecutionListeners: [org.springframework.test.context.web.ServletTestExecutionListener@48140cc9, org.springframework.test.context.support.DirtiesContextBeforeModesTestExecutionListener@4da00945, org.springframework.test.context.event.ApplicationEventsTestExecutionListener@52448ab1, org.springframework.boot.test.mock.mockito.MockitoTestExecutionListener@3d2cae38, org.springframework.test.context.support.DependencyInjectionTestExecutionListener@55b69f10, org.springframework.test.context.support.DirtiesContextTestExecutionListener@18114ec2, org.springframework.test.context.transaction.TransactionalTestExecutionListener@6e764e73, org.springframework.test.context.jdbc.SqlScriptsTestExecutionListener@367360eb, org.springframework.test.context.event.EventPublishingTestExecutionListener@575c272a, org.springframework.boot.test.autoconfigure.restdocs.RestDocsTestExecutionListener@4529045d, org.springframework.boot.test.autoconfigure.web.client.MockRestServiceServerResetTestExecutionListener@1970cf5d, org.springframework.boot.test.autoconfigure.web.servlet.MockMvcPrintOnlyOnFailureTestExecutionListener@342990a0, org.springframework.boot.test.autoconfigure.web.servlet.WebDriverTestExecutionListener@27a9478, org.springframework.boot.test.autoconfigure.webservices.client.MockWebServiceServerTestExecutionListener@ffc6386, org.springframework.boot.test.mock.mockito.ResetMocksTestExecutionListener@10e94f03]
]]></system-out>
  <system-err><![CDATA[]]></system-err>
</testsuite>
