<?xml version="1.0" encoding="UTF-8"?>
<testsuite name="kirimaru.biz.domain.omoituki.HogeMstAsToSendSubSystemTest" tests="1" skipped="0" failures="0" errors="0" timestamp="2021-06-09T13:43:49" hostname="MIZUKAMIHIROTO" time="0.056">
  <properties/>
  <testcase name="constructor()" classname="kirimaru.biz.domain.omoituki.HogeMstAsToSendSubSystemTest" time="0.056"/>
  <system-out><![CDATA[123
456
]]></system-out>
  <system-err><![CDATA[]]></system-err>
</testsuite>
