<?xml version="1.0" encoding="UTF-8"?>
<testsuite name="kirimaru.biz.domain.YearMonthTests$Calenderから月末" tests="2" skipped="1" failures="0" errors="0" timestamp="2021-06-08T14:55:07" hostname="MIZUKAMIHIROTO" time="0.002">
  <properties/>
  <testcase name="test_01()" classname="kirimaru.biz.domain.YearMonthTests$Calenderから月末" time="0.0">
    <skipped/>
  </testcase>
  <testcase name="test_02()" classname="kirimaru.biz.domain.YearMonthTests$Calenderから月末" time="0.001"/>
  <system-out><![CDATA[]]></system-out>
  <system-err><![CDATA[]]></system-err>
</testsuite>
