<?xml version="1.0" encoding="UTF-8"?>
<testsuite name="kirimaru.biz.domain.MessageFormatTest$NumberFormat" tests="6" skipped="0" failures="0" errors="0" timestamp="2021-06-09T13:43:48" hostname="MIZUKAMIHIROTO" time="0.14">
  <properties/>
  <testcase name="test_01()" classname="kirimaru.biz.domain.MessageFormatTest$NumberFormat" time="0.011"/>
  <testcase name="test_02()" classname="kirimaru.biz.domain.MessageFormatTest$NumberFormat" time="0.015"/>
  <testcase name="test_03()" classname="kirimaru.biz.domain.MessageFormatTest$NumberFormat" time="0.005"/>
  <testcase name="test_04()" classname="kirimaru.biz.domain.MessageFormatTest$NumberFormat" time="0.045"/>
  <testcase name="test_05()" classname="kirimaru.biz.domain.MessageFormatTest$NumberFormat" time="0.001"/>
  <testcase name="Objectに変換しても、ダメみたい" classname="kirimaru.biz.domain.MessageFormatTest$NumberFormat" time="0.024"/>
  <system-out><![CDATA[]]></system-out>
  <system-err><![CDATA[]]></system-err>
</testsuite>
