<?xml version="1.0" encoding="UTF-8"?>
<testsuite name="NestのNestのNest…をうまく処理する方法" tests="3" skipped="0" failures="0" errors="0" timestamp="2021-06-09T13:43:48" hostname="MIZUKAMIHIROTO" time="0.019">
  <properties/>
  <testcase name="test_01()" classname="kirimaru.biz.domain.NestedList$FlatHistory" time="0.004"/>
  <testcase name="test_02()" classname="kirimaru.biz.domain.NestedList$FlatHistory" time="0.011"/>
  <testcase name="test_03()" classname="kirimaru.biz.domain.NestedList$FlatHistory" time="0.0"/>
  <system-out><![CDATA[]]></system-out>
  <system-err><![CDATA[]]></system-err>
</testsuite>
