<?xml version="1.0" encoding="UTF-8"?>
<testsuite name="kirimaru.biz.domain.CloneTests$Jacson" tests="1" skipped="1" failures="0" errors="0" timestamp="2021-06-09T13:43:15" hostname="MIZUKAMIHIROTO" time="0.001">
  <properties/>
  <testcase name="test_01()" classname="kirimaru.biz.domain.CloneTests$Jacson" time="0.001">
    <skipped/>
  </testcase>
  <system-out><![CDATA[]]></system-out>
  <system-err><![CDATA[]]></system-err>
</testsuite>
