<?xml version="1.0" encoding="UTF-8"?>
<testsuite name="kirimaru.biz.domain.executor.ServiceTests" tests="1" skipped="0" failures="0" errors="0" timestamp="2021-06-09T13:43:46" hostname="MIZUKAMIHIROTO" time="0.208">
  <properties/>
  <testcase name="test_01()" classname="kirimaru.biz.domain.executor.ServiceTests" time="0.208"/>
  <system-out><![CDATA[1
1
1
1
1
]]></system-out>
  <system-err><![CDATA[]]></system-err>
</testsuite>
