<?xml version="1.0" encoding="UTF-8"?>
<testsuite name="kirimaru.biz.domain.CloneTests$Serialization$Fail" tests="4" skipped="2" failures="0" errors="0" timestamp="2021-06-09T13:43:16" hostname="MIZUKAMIHIROTO" time="0.021">
  <properties/>
  <testcase name="actualの値も変わってしまう()" classname="kirimaru.biz.domain.CloneTests$Serialization$Fail" time="0.004"/>
  <testcase name="リストデータをコピーする2()" classname="kirimaru.biz.domain.CloneTests$Serialization$Fail" time="0.0">
    <skipped/>
  </testcase>
  <testcase name="リストデータをコピーする()" classname="kirimaru.biz.domain.CloneTests$Serialization$Fail" time="0.001"/>
  <testcase name="expectの中身だけしか変わらない()" classname="kirimaru.biz.domain.CloneTests$Serialization$Fail" time="0.0">
    <skipped/>
  </testcase>
  <system-out><![CDATA[]]></system-out>
  <system-err><![CDATA[]]></system-err>
</testsuite>
