<?xml version="1.0" encoding="UTF-8"?>
<testsuite name="kirimaru.biz.domain.ReflectionTests$Reflect2" tests="9" skipped="1" failures="0" errors="0" timestamp="2021-06-09T13:43:49" hostname="MIZUKAMIHIROTO" time="0.037">
  <properties/>
  <testcase name="test_01()" classname="kirimaru.biz.domain.ReflectionTests$Reflect2" time="0.003"/>
  <testcase name="test_02()" classname="kirimaru.biz.domain.ReflectionTests$Reflect2" time="0.001"/>
  <testcase name="test_03()" classname="kirimaru.biz.domain.ReflectionTests$Reflect2" time="0.001"/>
  <testcase name="test_04()" classname="kirimaru.biz.domain.ReflectionTests$Reflect2" time="0.001"/>
  <testcase name="test_05()" classname="kirimaru.biz.domain.ReflectionTests$Reflect2" time="0.0">
    <skipped/>
  </testcase>
  <testcase name="直接変数を参照する" classname="kirimaru.biz.domain.ReflectionTests$Reflect2" time="0.016"/>
  <testcase name="直接変数を参照する" classname="kirimaru.biz.domain.ReflectionTests$Reflect2" time="0.0"/>
  <testcase name="直接配列を参照する" classname="kirimaru.biz.domain.ReflectionTests$Reflect2" time="0.001"/>
  <testcase name="直接変数を書き換える" classname="kirimaru.biz.domain.ReflectionTests$Reflect2" time="0.001"/>
  <system-out><![CDATA[]]></system-out>
  <system-err><![CDATA[]]></system-err>
</testsuite>
