<?xml version="1.0" encoding="UTF-8"?>
<testsuite name="kirimaru.biz.domain.nest.OptionalTests$One" tests="5" skipped="0" failures="0" errors="0" timestamp="2021-06-09T13:43:48" hostname="MIZUKAMIHIROTO" time="0.043">
  <properties/>
  <testcase name="test_01()" classname="kirimaru.biz.domain.nest.OptionalTests$One" time="0.004"/>
  <testcase name="test_02()" classname="kirimaru.biz.domain.nest.OptionalTests$One" time="0.002"/>
  <testcase name="test_03()" classname="kirimaru.biz.domain.nest.OptionalTests$One" time="0.003"/>
  <testcase name="test_04()" classname="kirimaru.biz.domain.nest.OptionalTests$One" time="0.004"/>
  <testcase name="test_03_01()" classname="kirimaru.biz.domain.nest.OptionalTests$One" time="0.005"/>
  <system-out><![CDATA[]]></system-out>
  <system-err><![CDATA[]]></system-err>
</testsuite>
