<?xml version="1.0" encoding="UTF-8"?>
<testsuite name="kirimaru.restapi.interceptor.LoggingInterceptorTests" tests="1" skipped="0" failures="0" errors="0" timestamp="2021-06-09T13:44:13" hostname="MIZUKAMIHIROTO" time="0.905">
  <properties/>
  <testcase name="preHandle1()" classname="kirimaru.restapi.interceptor.LoggingInterceptorTests" time="0.905"/>
  <system-out><![CDATA[]]></system-out>
  <system-err><![CDATA[]]></system-err>
</testsuite>
