<?xml version="1.0" encoding="UTF-8"?>
<testsuite name="kirimaru.biz.domain.BigDecimalTests" tests="26" skipped="0" failures="0" errors="0" timestamp="2021-06-09T13:43:15" hostname="MIZUKAMIHIROTO" time="0.194">
  <properties/>
  <testcase name="test_01()" classname="kirimaru.biz.domain.BigDecimalTests" time="0.023"/>
  <testcase name="0と0.00では=にならない。" classname="kirimaru.biz.domain.BigDecimalTests" time="0.002"/>
  <testcase name="test_03()" classname="kirimaru.biz.domain.BigDecimalTests" time="0.001"/>
  <testcase name="test_04()" classname="kirimaru.biz.domain.BigDecimalTests" time="0.012"/>
  <testcase name="test_05()" classname="kirimaru.biz.domain.BigDecimalTests" time="0.0"/>
  <testcase name="test_06()" classname="kirimaru.biz.domain.BigDecimalTests" time="0.001"/>
  <testcase name="test_07()" classname="kirimaru.biz.domain.BigDecimalTests" time="0.002"/>
  <testcase name="精度は大きい方になる" classname="kirimaru.biz.domain.BigDecimalTests" time="0.007"/>
  <testcase name="test_09()" classname="kirimaru.biz.domain.BigDecimalTests" time="0.001"/>
  <testcase name="あまり" classname="kirimaru.biz.domain.BigDecimalTests" time="0.009"/>
  <testcase name="new 時にDoubleわたすと事故る" classname="kirimaru.biz.domain.BigDecimalTests" time="0.023"/>
  <testcase name="new 時にDoubleわたすと事故る" classname="kirimaru.biz.domain.BigDecimalTests" time="0.007"/>
  <testcase name="test_13()" classname="kirimaru.biz.domain.BigDecimalTests" time="0.001"/>
  <testcase name="test_14()" classname="kirimaru.biz.domain.BigDecimalTests" time="0.001"/>
  <testcase name="test_15()" classname="kirimaru.biz.domain.BigDecimalTests" time="0.002"/>
  <testcase name="性能確認" classname="kirimaru.biz.domain.BigDecimalTests" time="0.027"/>
  <testcase name="test_17()" classname="kirimaru.biz.domain.BigDecimalTests" time="0.001"/>
  <testcase name="test_19()" classname="kirimaru.biz.domain.BigDecimalTests" time="0.001"/>
  <testcase name="test_20()" classname="kirimaru.biz.domain.BigDecimalTests" time="0.0"/>
  <testcase name="test_21()" classname="kirimaru.biz.domain.BigDecimalTests" time="0.002"/>
  <testcase name="test_22()" classname="kirimaru.biz.domain.BigDecimalTests" time="0.001"/>
  <testcase name="test_23()" classname="kirimaru.biz.domain.BigDecimalTests" time="0.038"/>
  <testcase name="test_24()" classname="kirimaru.biz.domain.BigDecimalTests" time="0.003"/>
  <testcase name="test_25()" classname="kirimaru.biz.domain.BigDecimalTests" time="0.002"/>
  <testcase name="test_26()" classname="kirimaru.biz.domain.BigDecimalTests" time="0.001"/>
  <testcase name="test_04_02()" classname="kirimaru.biz.domain.BigDecimalTests" time="0.002"/>
  <system-out><![CDATA[2021-06-09 22:43:15.760  INFO 18184 --- [    Test worker] kirimaru.biz.domain.BigDecimalTests      : ***************
2021-06-09 22:43:15.762  INFO 18184 --- [    Test worker] kirimaru.biz.domain.BigDecimalTests      : compareTo
2021-06-09 22:43:15.777  INFO 18184 --- [    Test worker] kirimaru.biz.domain.BigDecimalTests      : ***************
2021-06-09 22:43:15.777  INFO 18184 --- [    Test worker] kirimaru.biz.domain.BigDecimalTests      : ***************
2021-06-09 22:43:15.777  INFO 18184 --- [    Test worker] kirimaru.biz.domain.BigDecimalTests      : signum
2021-06-09 22:43:15.785  INFO 18184 --- [    Test worker] kirimaru.biz.domain.BigDecimalTests      : ***************
]]></system-out>
  <system-err><![CDATA[]]></system-err>
</testsuite>
