<?xml version="1.0" encoding="UTF-8"?>
<testsuite name="kirimaru.external.zip_cloud.ZipCloudClientImplTests" tests="2" skipped="2" failures="0" errors="0" timestamp="2021-06-09T13:44:02" hostname="MIZUKAMIHIROTO" time="0.0">
  <properties/>
  <testcase name="test_01()" classname="kirimaru.external.zip_cloud.ZipCloudClientImplTests" time="0.0">
    <skipped/>
  </testcase>
  <testcase name="test_02()" classname="kirimaru.external.zip_cloud.ZipCloudClientImplTests" time="0.0">
    <skipped/>
  </testcase>
  <system-out><![CDATA[]]></system-out>
  <system-err><![CDATA[]]></system-err>
</testsuite>
