<?xml version="1.0" encoding="UTF-8"?>
<testsuite name="kirimaru.config.TwitterPropertiesTests$Illegal" tests="1" skipped="0" failures="0" errors="0" timestamp="2021-06-09T13:43:56" hostname="MIZUKAMIHIROTO" time="0.127">
  <properties/>
  <testcase name="test_01()" classname="kirimaru.config.TwitterPropertiesTests$Illegal" time="0.127"/>
  <system-out><![CDATA[2021-06-09 22:43:55.868  INFO 18184 --- [    Test worker] o.s.t.c.support.AbstractContextLoader    : Could not detect default resource locations for test class [kirimaru.config.TwitterPropertiesTests$Illegal]: no resource found for suffixes {-context.xml, Context.groovy}.
2021-06-09 22:43:55.868  INFO 18184 --- [    Test worker] t.c.s.AnnotationConfigContextLoaderUtils : Could not detect default configuration classes for test class [kirimaru.config.TwitterPropertiesTests$Illegal]: Illegal does not declare any static, non-private, non-final, nested classes annotated with @Configuration.
2021-06-09 22:43:55.870  INFO 18184 --- [    Test worker] o.s.t.c.support.AbstractContextLoader    : Could not detect default resource locations for test class [kirimaru.config.TwitterPropertiesTests]: no resource found for suffixes {-context.xml, Context.groovy}.
2021-06-09 22:43:55.870  INFO 18184 --- [    Test worker] t.c.s.AnnotationConfigContextLoaderUtils : Could not detect default configuration classes for test class [kirimaru.config.TwitterPropertiesTests]: TwitterPropertiesTests does not declare any static, non-private, non-final, nested classes annotated with @Configuration.
2021-06-09 22:43:55.926  INFO 18184 --- [    Test worker] o.s.t.c.s.DefaultTestContextBootstrapper : Loaded default TestExecutionListener class names from location [META-INF/spring.factories]: [org.springframework.boot.test.autoconfigure.restdocs.RestDocsTestExecutionListener, org.springframework.boot.test.autoconfigure.web.client.MockRestServiceServerResetTestExecutionListener, org.springframework.boot.test.autoconfigure.web.servlet.MockMvcPrintOnlyOnFailureTestExecutionListener, org.springframework.boot.test.autoconfigure.web.servlet.WebDriverTestExecutionListener, org.springframework.boot.test.autoconfigure.webservices.client.MockWebServiceServerTestExecutionListener, org.springframework.boot.test.mock.mockito.MockitoTestExecutionListener, org.springframework.boot.test.mock.mockito.ResetMocksTestExecutionListener, org.springframework.test.context.web.ServletTestExecutionListener, org.springframework.test.context.support.DirtiesContextBeforeModesTestExecutionListener, org.springframework.test.context.event.ApplicationEventsTestExecutionListener, org.springframework.test.context.support.DependencyInjectionTestExecutionListener, org.springframework.test.context.support.DirtiesContextTestExecutionListener, org.springframework.test.context.transaction.TransactionalTestExecutionListener, org.springframework.test.context.jdbc.SqlScriptsTestExecutionListener, org.springframework.test.context.event.EventPublishingTestExecutionListener]
2021-06-09 22:43:55.926  INFO 18184 --- [    Test worker] o.s.t.c.s.DefaultTestContextBootstrapper : Using TestExecutionListeners: [org.springframework.test.context.web.ServletTestExecutionListener@e470aca, org.springframework.test.context.support.DirtiesContextBeforeModesTestExecutionListener@5dc34cf0, org.springframework.test.context.event.ApplicationEventsTestExecutionListener@6ae6a69c, org.springframework.boot.test.mock.mockito.MockitoTestExecutionListener@795b7e09, org.springframework.test.context.support.DependencyInjectionTestExecutionListener@4f7c2ab2, org.springframework.test.context.support.DirtiesContextTestExecutionListener@81f5b61, org.springframework.test.context.transaction.TransactionalTestExecutionListener@5712ceb8, org.springframework.test.context.jdbc.SqlScriptsTestExecutionListener@759b4965, org.springframework.test.context.event.EventPublishingTestExecutionListener@5b9cc4de, org.springframework.boot.test.autoconfigure.restdocs.RestDocsTestExecutionListener@29aa489f, org.springframework.boot.test.autoconfigure.web.client.MockRestServiceServerResetTestExecutionListener@688c241c, org.springframework.boot.test.autoconfigure.web.servlet.MockMvcPrintOnlyOnFailureTestExecutionListener@47739809, org.springframework.boot.test.autoconfigure.web.servlet.WebDriverTestExecutionListener@7af41e0d, org.springframework.boot.test.autoconfigure.webservices.client.MockWebServiceServerTestExecutionListener@1614f7c, org.springframework.boot.test.mock.mockito.ResetMocksTestExecutionListener@8c42788]
2021-06-09 22:43:56.362  INFO 18184 --- [    Test worker] kirimaru.config.ExternalProperties       : ********************
2021-06-09 22:43:56.362  INFO 18184 --- [    Test worker] kirimaru.config.ExternalProperties       : TwitterProperties(super=ExternalProperties(host=localhost, protocol=https, port=80, endpoint=twitter, timeout=3, rootUrl=https://localhost:80/twitter))
2021-06-09 22:43:56.367  INFO 18184 --- [    Test worker] kirimaru.config.ExternalProperties       : ********************
]]></system-out>
  <system-err><![CDATA[]]></system-err>
</testsuite>
