<?xml version="1.0" encoding="UTF-8"?>
<testsuite name="kirimaru.biz.domain.YearMonthTests$YearMonthから月末を求める2" tests="5" skipped="0" failures="0" errors="0" timestamp="2021-06-08T14:55:08" hostname="MIZUKAMIHIROTO" time="0.025">
  <properties/>
  <testcase name="test_01()" classname="kirimaru.biz.domain.YearMonthTests$YearMonthから月末を求める2" time="0.003"/>
  <testcase name="test_02()" classname="kirimaru.biz.domain.YearMonthTests$YearMonthから月末を求める2" time="0.001"/>
  <testcase name="test_03()" classname="kirimaru.biz.domain.YearMonthTests$YearMonthから月末を求める2" time="0.001"/>
  <testcase name="test_04()" classname="kirimaru.biz.domain.YearMonthTests$YearMonthから月末を求める2" time="0.001"/>
  <testcase name="test_05()" classname="kirimaru.biz.domain.YearMonthTests$YearMonthから月末を求める2" time="0.01"/>
  <system-out><![CDATA[]]></system-out>
  <system-err><![CDATA[]]></system-err>
</testsuite>
