<?xml version="1.0" encoding="UTF-8"?>
<testsuite name="kirimaru.biz.domain.MaxValue" tests="1" skipped="0" failures="0" errors="0" timestamp="2021-06-09T13:43:47" hostname="MIZUKAMIHIROTO" time="1.328">
  <properties/>
  <testcase name="_assertThatThrownBy()" classname="kirimaru.biz.domain.MaxValue" time="1.328"/>
  <system-out><![CDATA[]]></system-out>
  <system-err><![CDATA[]]></system-err>
</testsuite>
