<?xml version="1.0" encoding="UTF-8"?>
<testsuite name="kirimaru.biz.domain.EntryTest" tests="2" skipped="0" failures="0" errors="0" timestamp="2021-06-09T13:43:46" hostname="MIZUKAMIHIROTO" time="0.015">
  <properties/>
  <testcase name="test_01()" classname="kirimaru.biz.domain.EntryTest" time="0.013"/>
  <testcase name="test_02()" classname="kirimaru.biz.domain.EntryTest" time="0.001"/>
  <system-out><![CDATA[]]></system-out>
  <system-err><![CDATA[]]></system-err>
</testsuite>
