<?xml version="1.0" encoding="UTF-8"?>
<testsuite name="kirimaru.biz.domain.conflict.register.ConflictComponentTests" tests="1" skipped="0" failures="0" errors="0" timestamp="2021-06-09T13:43:41" hostname="MIZUKAMIHIROTO" time="3.27">
  <properties/>
  <testcase name="test_01()" classname="kirimaru.biz.domain.conflict.register.ConflictComponentTests" time="3.27"/>
  <system-out><![CDATA[2021-06-09 22:43:16.115  INFO 18184 --- [    Test worker] .b.t.c.SpringBootTestContextBootstrapper : Neither @ContextConfiguration nor @ContextHierarchy found for test class [kirimaru.biz.domain.conflict.register.ConflictComponentTests], using SpringBootContextLoader
2021-06-09 22:43:16.117  INFO 18184 --- [    Test worker] o.s.t.c.support.AbstractContextLoader    : Could not detect default resource locations for test class [kirimaru.biz.domain.conflict.register.ConflictComponentTests]: no resource found for suffixes {-context.xml, Context.groovy}.
2021-06-09 22:43:16.118  INFO 18184 --- [    Test worker] t.c.s.AnnotationConfigContextLoaderUtils : Could not detect default configuration classes for test class [kirimaru.biz.domain.conflict.register.ConflictComponentTests]: ConflictComponentTests does not declare any static, non-private, non-final, nested classes annotated with @Configuration.
2021-06-09 22:43:16.396  INFO 18184 --- [    Test worker] .b.t.c.SpringBootTestContextBootstrapper : Found @SpringBootConfiguration kirimaru.DemoApplication for test class kirimaru.biz.domain.conflict.register.ConflictComponentTests
2021-06-09 22:43:16.411  INFO 18184 --- [    Test worker] .b.t.c.SpringBootTestContextBootstrapper : Loaded default TestExecutionListener class names from location [META-INF/spring.factories]: [org.springframework.boot.test.autoconfigure.restdocs.RestDocsTestExecutionListener, org.springframework.boot.test.autoconfigure.web.client.MockRestServiceServerResetTestExecutionListener, org.springframework.boot.test.autoconfigure.web.servlet.MockMvcPrintOnlyOnFailureTestExecutionListener, org.springframework.boot.test.autoconfigure.web.servlet.WebDriverTestExecutionListener, org.springframework.boot.test.autoconfigure.webservices.client.MockWebServiceServerTestExecutionListener, org.springframework.boot.test.mock.mockito.MockitoTestExecutionListener, org.springframework.boot.test.mock.mockito.ResetMocksTestExecutionListener, org.springframework.test.context.web.ServletTestExecutionListener, org.springframework.test.context.support.DirtiesContextBeforeModesTestExecutionListener, org.springframework.test.context.event.ApplicationEventsTestExecutionListener, org.springframework.test.context.support.DependencyInjectionTestExecutionListener, org.springframework.test.context.support.DirtiesContextTestExecutionListener, org.springframework.test.context.transaction.TransactionalTestExecutionListener, org.springframework.test.context.jdbc.SqlScriptsTestExecutionListener, org.springframework.test.context.event.EventPublishingTestExecutionListener]
2021-06-09 22:43:16.412  INFO 18184 --- [    Test worker] .b.t.c.SpringBootTestContextBootstrapper : Using TestExecutionListeners: [org.springframework.test.context.web.ServletTestExecutionListener@5d92e00c, org.springframework.test.context.support.DirtiesContextBeforeModesTestExecutionListener@4051a17, org.springframework.test.context.event.ApplicationEventsTestExecutionListener@6046fb84, org.springframework.boot.test.mock.mockito.MockitoTestExecutionListener@596296e2, org.springframework.boot.test.autoconfigure.SpringBootDependencyInjectionTestExecutionListener@13ba9f42, org.springframework.test.context.support.DirtiesContextTestExecutionListener@3fc3fa80, org.springframework.test.context.transaction.TransactionalTestExecutionListener@688ebc27, org.springframework.test.context.jdbc.SqlScriptsTestExecutionListener@2596f252, org.springframework.test.context.event.EventPublishingTestExecutionListener@6291392d, org.springframework.boot.test.autoconfigure.restdocs.RestDocsTestExecutionListener@42a6d805, org.springframework.boot.test.autoconfigure.web.client.MockRestServiceServerResetTestExecutionListener@5f543bf2, org.springframework.boot.test.autoconfigure.web.servlet.MockMvcPrintOnlyOnFailureTestExecutionListener@4dc24628, org.springframework.boot.test.autoconfigure.web.servlet.WebDriverTestExecutionListener@267146ec, org.springframework.boot.test.autoconfigure.webservices.client.MockWebServiceServerTestExecutionListener@5263c4d7, org.springframework.boot.test.mock.mockito.ResetMocksTestExecutionListener@2c96fec2]

  .   ____          _            __ _ _
 /\\ / ___'_ __ _ _(_)_ __  __ _ \ \ \ \
( ( )\___ | '_ | '_| | '_ \/ _` | \ \ \ \
 \\/  ___)| |_)| | | | | || (_| |  ) ) ) )
  '  |____| .__|_| |_|_| |_\__, | / / / /
 =========|_|==============|___/=/_/_/_/
 :: Spring Boot ::                (v2.4.5)

2021-06-09 22:43:16.592  INFO 18184 --- [    Test worker] k.b.d.c.register.ConflictComponentTests  : Starting ConflictComponentTests using Java 15.0.1 on MizukamiHiroto with PID 18184 (started by nainai in C:\Users\naina\products\cucumber-sample\kirimaru-backend)
2021-06-09 22:43:16.593  INFO 18184 --- [    Test worker] k.b.d.c.register.ConflictComponentTests  : The following profiles are active: ut,common,external-ut,repository-ut
2021-06-09 22:43:26.437  INFO 18184 --- [    Test worker] kirimaru.config.ExternalProperties       : ********************
2021-06-09 22:43:26.445  INFO 18184 --- [    Test worker] kirimaru.config.ExternalProperties       : FacebookProperties(super=ExternalProperties(host=localhost, protocol=http, port=10080, endpoint=facebook, timeout=3, rootUrl=http://localhost:10080/facebook))
2021-06-09 22:43:26.446  INFO 18184 --- [    Test worker] kirimaru.config.ExternalProperties       : ********************
2021-06-09 22:43:26.494  INFO 18184 --- [    Test worker] kirimaru.config.ExternalProperties       : ********************
2021-06-09 22:43:26.497  INFO 18184 --- [    Test worker] kirimaru.config.ExternalProperties       : TwitterProperties(super=ExternalProperties(host=localhost, protocol=http, port=80, endpoint=twitter, timeout=3, rootUrl=http://localhost:80/twitter))
2021-06-09 22:43:26.499  INFO 18184 --- [    Test worker] kirimaru.config.ExternalProperties       : ********************
あいうえお
ZipCloudClientProperties(super=ExternalProperties(schema=null, host=null, port=0, path=null, connectionTimeout=0, readTimeout=0, rootUrl=))
かきくけこ
2021-06-09 22:43:29.689  INFO 18184 --- [    Test worker] k.e.operation.RestOperationFactory       : Initialize RestTemplate completed. properties=[ZipCloudClientProperties(super=ExternalProperties(schema=null, host=null, port=0, path=null, connectionTimeout=0, readTimeout=0, rootUrl=))]
2021-06-09 22:43:34.608  INFO 18184 --- [    Test worker] o.s.s.concurrent.ThreadPoolTaskExecutor  : Initializing ExecutorService 'applicationTaskExecutor'
2021-06-09 22:43:38.090  INFO 18184 --- [    Test worker] o.f.c.internal.license.VersionPrinter    : Flyway Community Edition 7.1.1 by Redgate
2021-06-09 22:43:38.121  INFO 18184 --- [    Test worker] com.zaxxer.hikari.HikariDataSource       : HikariPool-1 - Starting...
2021-06-09 22:43:38.889  INFO 18184 --- [    Test worker] com.zaxxer.hikari.HikariDataSource       : HikariPool-1 - Start completed.
2021-06-09 22:43:39.039  INFO 18184 --- [    Test worker] o.f.c.i.database.base.DatabaseType       : Database: jdbc:h2:mem:testdb (H2 1.4)
2021-06-09 22:43:39.413  INFO 18184 --- [    Test worker] o.f.core.internal.command.DbValidate     : Successfully validated 1 migration (execution time 00:00.120s)
2021-06-09 22:43:39.462  INFO 18184 --- [    Test worker] o.f.c.i.s.JdbcTableSchemaHistory         : Creating Schema History table "PUBLIC"."flyway_schema_history" ...
2021-06-09 22:43:39.660  INFO 18184 --- [    Test worker] o.f.core.internal.command.DbMigrate      : Current version of schema "PUBLIC": << Empty Schema >>
2021-06-09 22:43:39.706  INFO 18184 --- [    Test worker] o.f.core.internal.command.DbMigrate      : Migrating schema "PUBLIC" with repeatable migration "create table"
2021-06-09 22:43:39.877  INFO 18184 --- [    Test worker] o.f.core.internal.command.DbMigrate      : Successfully applied 1 migration to schema "PUBLIC" (execution time 00:00.254s)
2021-06-09 22:43:41.079  INFO 18184 --- [    Test worker] o.s.b.a.e.web.EndpointLinksResolver      : Exposing 2 endpoint(s) beneath base path '/actuator'
2021-06-09 22:43:41.432  INFO 18184 --- [    Test worker] k.b.d.c.register.ConflictComponentTests  : Started ConflictComponentTests in 25.017 seconds (JVM running for 65.924)
]]></system-out>
  <system-err><![CDATA[]]></system-err>
</testsuite>
