<?xml version="1.0" encoding="UTF-8"?>
<testsuite name="kirimaru.restapi.AnimalsRestControllerTests" tests="2" skipped="0" failures="0" errors="0" timestamp="2021-06-09T13:44:06" hostname="MIZUKAMIHIROTO" time="0.34">
  <properties/>
  <testcase name="success()" classname="kirimaru.restapi.AnimalsRestControllerTests" time="0.152"/>
  <testcase name="hogeError()" classname="kirimaru.restapi.AnimalsRestControllerTests" time="0.186"/>
  <system-out><![CDATA[2021-06-09 22:44:02.896  INFO 18184 --- [    Test worker] .b.t.a.w.s.WebMvcTestContextBootstrapper : Neither @ContextConfiguration nor @ContextHierarchy found for test class [kirimaru.restapi.AnimalsRestControllerTests], using SpringBootContextLoader
2021-06-09 22:44:02.905  INFO 18184 --- [    Test worker] o.s.t.c.support.AbstractContextLoader    : Could not detect default resource locations for test class [kirimaru.restapi.AnimalsRestControllerTests]: no resource found for suffixes {-context.xml, Context.groovy}.
2021-06-09 22:44:02.907  INFO 18184 --- [    Test worker] t.c.s.AnnotationConfigContextLoaderUtils : Could not detect default configuration classes for test class [kirimaru.restapi.AnimalsRestControllerTests]: AnimalsRestControllerTests does not declare any static, non-private, non-final, nested classes annotated with @Configuration.
2021-06-09 22:44:02.972  INFO 18184 --- [    Test worker] .b.t.c.SpringBootTestContextBootstrapper : Found @SpringBootConfiguration kirimaru.DemoApplication for test class kirimaru.restapi.AnimalsRestControllerTests
2021-06-09 22:44:02.988  INFO 18184 --- [    Test worker] .b.t.a.w.s.WebMvcTestContextBootstrapper : Loaded default TestExecutionListener class names from location [META-INF/spring.factories]: [org.springframework.boot.test.autoconfigure.restdocs.RestDocsTestExecutionListener, org.springframework.boot.test.autoconfigure.web.client.MockRestServiceServerResetTestExecutionListener, org.springframework.boot.test.autoconfigure.web.servlet.MockMvcPrintOnlyOnFailureTestExecutionListener, org.springframework.boot.test.autoconfigure.web.servlet.WebDriverTestExecutionListener, org.springframework.boot.test.autoconfigure.webservices.client.MockWebServiceServerTestExecutionListener, org.springframework.boot.test.mock.mockito.MockitoTestExecutionListener, org.springframework.boot.test.mock.mockito.ResetMocksTestExecutionListener, org.springframework.test.context.web.ServletTestExecutionListener, org.springframework.test.context.support.DirtiesContextBeforeModesTestExecutionListener, org.springframework.test.context.event.ApplicationEventsTestExecutionListener, org.springframework.test.context.support.DependencyInjectionTestExecutionListener, org.springframework.test.context.support.DirtiesContextTestExecutionListener, org.springframework.test.context.transaction.TransactionalTestExecutionListener, org.springframework.test.context.jdbc.SqlScriptsTestExecutionListener, org.springframework.test.context.event.EventPublishingTestExecutionListener]
2021-06-09 22:44:02.994  INFO 18184 --- [    Test worker] .b.t.a.w.s.WebMvcTestContextBootstrapper : Using TestExecutionListeners: [org.springframework.test.context.web.ServletTestExecutionListener@6931e771, org.springframework.test.context.support.DirtiesContextBeforeModesTestExecutionListener@503fa2c1, org.springframework.test.context.event.ApplicationEventsTestExecutionListener@3464f893, org.springframework.boot.test.mock.mockito.MockitoTestExecutionListener@51970fb0, org.springframework.boot.test.autoconfigure.SpringBootDependencyInjectionTestExecutionListener@37fb709c, org.springframework.test.context.support.DirtiesContextTestExecutionListener@1affe508, org.springframework.test.context.transaction.TransactionalTestExecutionListener@9cc36a4, org.springframework.test.context.jdbc.SqlScriptsTestExecutionListener@604f52a2, org.springframework.test.context.event.EventPublishingTestExecutionListener@c5cb1a7, org.springframework.boot.test.autoconfigure.restdocs.RestDocsTestExecutionListener@69eec281, org.springframework.boot.test.autoconfigure.web.client.MockRestServiceServerResetTestExecutionListener@1ffa00e, org.springframework.boot.test.autoconfigure.web.servlet.MockMvcPrintOnlyOnFailureTestExecutionListener@1b3f38d1, org.springframework.boot.test.autoconfigure.web.servlet.WebDriverTestExecutionListener@72076398, org.springframework.boot.test.autoconfigure.webservices.client.MockWebServiceServerTestExecutionListener@6de24d93, org.springframework.boot.test.mock.mockito.ResetMocksTestExecutionListener@11e17ff1]

  .   ____          _            __ _ _
 /\\ / ___'_ __ _ _(_)_ __  __ _ \ \ \ \
( ( )\___ | '_ | '_| | '_ \/ _` | \ \ \ \
 \\/  ___)| |_)| | | | | || (_| |  ) ) ) )
  '  |____| .__|_| |_|_| |_\__, | / / / /
 =========|_|==============|___/=/_/_/_/
 :: Spring Boot ::                (v2.4.5)

2021-06-09 22:44:03.189  INFO 18184 --- [    Test worker] k.restapi.AnimalsRestControllerTests     : Starting AnimalsRestControllerTests using Java 15.0.1 on MizukamiHiroto with PID 18184 (started by nainai in C:\Users\naina\products\cucumber-sample\kirimaru-backend)
2021-06-09 22:44:03.190  INFO 18184 --- [    Test worker] k.restapi.AnimalsRestControllerTests     : The following profiles are active: ut,common,external-ut,repository-ut
2021-06-09 22:44:04.407  INFO 18184 --- [    Test worker] kirimaru.config.ExternalProperties       : ********************
2021-06-09 22:44:04.414  INFO 18184 --- [    Test worker] kirimaru.config.ExternalProperties       : FacebookProperties(super=ExternalProperties(host=localhost, protocol=http, port=10080, endpoint=facebook, timeout=3, rootUrl=http://localhost:10080/facebook))
2021-06-09 22:44:04.416  INFO 18184 --- [    Test worker] kirimaru.config.ExternalProperties       : ********************
2021-06-09 22:44:04.460  INFO 18184 --- [    Test worker] kirimaru.config.ExternalProperties       : ********************
2021-06-09 22:44:04.462  INFO 18184 --- [    Test worker] kirimaru.config.ExternalProperties       : TwitterProperties(super=ExternalProperties(host=localhost, protocol=http, port=80, endpoint=twitter, timeout=3, rootUrl=http://localhost:80/twitter))
2021-06-09 22:44:04.463  INFO 18184 --- [    Test worker] kirimaru.config.ExternalProperties       : ********************
あいうえお
ZipCloudClientProperties(super=ExternalProperties(schema=null, host=null, port=0, path=null, connectionTimeout=0, readTimeout=0, rootUrl=))
かきくけこ
2021-06-09 22:44:04.842  INFO 18184 --- [    Test worker] k.e.operation.RestOperationFactory       : Initialize RestTemplate completed. properties=[ZipCloudClientProperties(super=ExternalProperties(schema=null, host=null, port=0, path=null, connectionTimeout=0, readTimeout=0, rootUrl=))]
2021-06-09 22:44:05.283  INFO 18184 --- [    Test worker] o.s.s.concurrent.ThreadPoolTaskExecutor  : Initializing ExecutorService 'applicationTaskExecutor'
2021-06-09 22:44:06.363  INFO 18184 --- [    Test worker] o.s.b.t.m.w.SpringBootMockServletContext : Initializing Spring TestDispatcherServlet ''
2021-06-09 22:44:06.365  INFO 18184 --- [    Test worker] o.s.t.web.servlet.TestDispatcherServlet  : Initializing Servlet ''
2021-06-09 22:44:06.367  INFO 18184 --- [    Test worker] o.s.t.web.servlet.TestDispatcherServlet  : Completed initialization in 1 ms
2021-06-09 22:44:06.497  INFO 18184 --- [    Test worker] k.restapi.AnimalsRestControllerTests     : Started AnimalsRestControllerTests in 3.46 seconds (JVM running for 90.988)
2021-06-09 22:44:06.527  INFO 18184 --- [    Test worker] k.r.interceptor.MaintenanceInterceptor   : preHandle
2021-06-09 22:44:06.607 ERROR 18184 --- [    Test worker] k.r.interceptor.MaintenanceInterceptor   : postHandle
2021-06-09 22:44:06.609 ERROR 18184 --- [    Test worker] k.r.interceptor.MaintenanceInterceptor   : afterCompletion
2021-06-09 22:44:06.673  INFO 18184 --- [    Test worker] k.r.interceptor.MaintenanceInterceptor   : preHandle
2021-06-09 22:44:06.844 ERROR 18184 --- [    Test worker] k.r.interceptor.MaintenanceInterceptor   : afterCompletion
]]></system-out>
  <system-err><![CDATA[]]></system-err>
</testsuite>
