<?xml version="1.0" encoding="UTF-8"?>
<testsuite name="toggleの動作チェック" tests="3" skipped="0" failures="0" errors="0" timestamp="2021-06-09T13:43:49" hostname="MIZUKAMIHIROTO" time="0.025">
  <properties/>
  <testcase name="1" classname="kirimaru.biz.domain.OneHundredDoorsTest$toggle" time="0.004"/>
  <testcase name="2" classname="kirimaru.biz.domain.OneHundredDoorsTest$toggle" time="0.014"/>
  <testcase name="3" classname="kirimaru.biz.domain.OneHundredDoorsTest$toggle" time="0.005"/>
  <system-out><![CDATA[]]></system-out>
  <system-err><![CDATA[]]></system-err>
</testsuite>
