<?xml version="1.0" encoding="UTF-8"?>
<testsuite name="kirimaru.biz.domain.LogCaptorTest$mockValue" tests="1" skipped="1" failures="0" errors="0" timestamp="2021-06-09T13:43:47" hostname="MIZUKAMIHIROTO" time="0.0">
  <properties/>
  <testcase name="モックした値のパラメータ確認" classname="kirimaru.biz.domain.LogCaptorTest$mockValue" time="0.0">
    <skipped/>
  </testcase>
  <system-out><![CDATA[]]></system-out>
  <system-err><![CDATA[]]></system-err>
</testsuite>
