<?xml version="1.0" encoding="UTF-8"?>
<testsuite name="kirimaru.biz.domain.nest.NPETests" tests="6" skipped="0" failures="0" errors="0" timestamp="2021-06-09T13:43:48" hostname="MIZUKAMIHIROTO" time="0.025">
  <properties/>
  <testcase name="test_01()" classname="kirimaru.biz.domain.nest.NPETests" time="0.002"/>
  <testcase name="test_02()" classname="kirimaru.biz.domain.nest.NPETests" time="0.003"/>
  <testcase name="test_03()" classname="kirimaru.biz.domain.nest.NPETests" time="0.001"/>
  <testcase name="test_04()" classname="kirimaru.biz.domain.nest.NPETests" time="0.004"/>
  <testcase name="test_05()" classname="kirimaru.biz.domain.nest.NPETests" time="0.004"/>
  <testcase name="test_06()" classname="kirimaru.biz.domain.nest.NPETests" time="0.002"/>
  <system-out><![CDATA[]]></system-out>
  <system-err><![CDATA[]]></system-err>
</testsuite>
