<?xml version="1.0" encoding="UTF-8"?>
<testsuite name="kirimaru.biz.domain.SpringJunitConfigTest" tests="1" skipped="0" failures="0" errors="0" timestamp="2021-06-09T13:43:50" hostname="MIZUKAMIHIROTO" time="0.009">
  <properties/>
  <testcase name="test_01()" classname="kirimaru.biz.domain.SpringJunitConfigTest" time="0.009"/>
  <system-out><![CDATA[2021-06-09 22:43:50.097  INFO 18184 --- [    Test worker] o.s.t.c.s.DefaultTestContextBootstrapper : Loaded default TestExecutionListener class names from location [META-INF/spring.factories]: [org.springframework.boot.test.autoconfigure.restdocs.RestDocsTestExecutionListener, org.springframework.boot.test.autoconfigure.web.client.MockRestServiceServerResetTestExecutionListener, org.springframework.boot.test.autoconfigure.web.servlet.MockMvcPrintOnlyOnFailureTestExecutionListener, org.springframework.boot.test.autoconfigure.web.servlet.WebDriverTestExecutionListener, org.springframework.boot.test.autoconfigure.webservices.client.MockWebServiceServerTestExecutionListener, org.springframework.boot.test.mock.mockito.MockitoTestExecutionListener, org.springframework.boot.test.mock.mockito.ResetMocksTestExecutionListener, org.springframework.test.context.web.ServletTestExecutionListener, org.springframework.test.context.support.DirtiesContextBeforeModesTestExecutionListener, org.springframework.test.context.event.ApplicationEventsTestExecutionListener, org.springframework.test.context.support.DependencyInjectionTestExecutionListener, org.springframework.test.context.support.DirtiesContextTestExecutionListener, org.springframework.test.context.transaction.TransactionalTestExecutionListener, org.springframework.test.context.jdbc.SqlScriptsTestExecutionListener, org.springframework.test.context.event.EventPublishingTestExecutionListener]
2021-06-09 22:43:50.098  INFO 18184 --- [    Test worker] o.s.t.c.s.DefaultTestContextBootstrapper : Using TestExecutionListeners: [org.springframework.test.context.web.ServletTestExecutionListener@1f7b67aa, org.springframework.test.context.support.DirtiesContextBeforeModesTestExecutionListener@2d68b314, org.springframework.test.context.event.ApplicationEventsTestExecutionListener@4e3fb27, org.springframework.boot.test.mock.mockito.MockitoTestExecutionListener@7a59d7fb, org.springframework.test.context.support.DependencyInjectionTestExecutionListener@3edbb92d, org.springframework.test.context.support.DirtiesContextTestExecutionListener@56c35df1, org.springframework.test.context.transaction.TransactionalTestExecutionListener@4d62becd, org.springframework.test.context.jdbc.SqlScriptsTestExecutionListener@79b05e95, org.springframework.test.context.event.EventPublishingTestExecutionListener@1a41925f, org.springframework.boot.test.autoconfigure.restdocs.RestDocsTestExecutionListener@56a17833, org.springframework.boot.test.autoconfigure.web.client.MockRestServiceServerResetTestExecutionListener@e6d30fc, org.springframework.boot.test.autoconfigure.web.servlet.MockMvcPrintOnlyOnFailureTestExecutionListener@75d28352, org.springframework.boot.test.autoconfigure.web.servlet.WebDriverTestExecutionListener@639724dd, org.springframework.boot.test.autoconfigure.webservices.client.MockWebServiceServerTestExecutionListener@3eaaa87c, org.springframework.boot.test.mock.mockito.ResetMocksTestExecutionListener@59279585]
]]></system-out>
  <system-err><![CDATA[]]></system-err>
</testsuite>
