<?xml version="1.0" encoding="UTF-8"?>
<testsuite name="kirimaru.biz.domain.AssertXml" tests="2" skipped="0" failures="0" errors="0" timestamp="2021-06-09T13:43:14" hostname="MIZUKAMIHIROTO" time="0.857">
  <properties/>
  <testcase name="assertXml()" classname="kirimaru.biz.domain.AssertXml" time="0.645"/>
  <testcase name="assertXml2()" classname="kirimaru.biz.domain.AssertXml" time="0.211"/>
  <system-out><![CDATA[]]></system-out>
  <system-err><![CDATA[]]></system-err>
</testsuite>
