<?xml version="1.0" encoding="UTF-8"?>
<testsuite name="kirimaru.biz.domain.NumToNumArrayTest$ToArray2" tests="1" skipped="0" failures="0" errors="0" timestamp="2021-06-09T13:43:48" hostname="MIZUKAMIHIROTO" time="0.039">
  <properties/>
  <testcase name="test_01()" classname="kirimaru.biz.domain.NumToNumArrayTest$ToArray2" time="0.039"/>
  <system-out><![CDATA[]]></system-out>
  <system-err><![CDATA[]]></system-err>
</testsuite>
