<?xml version="1.0" encoding="UTF-8"?>
<testsuite name="kirimaru.biz.domain.ContractTest$CanExpire" tests="15" skipped="0" failures="0" errors="0" timestamp="2021-06-09T13:43:46" hostname="MIZUKAMIHIROTO" time="0.081">
  <properties/>
  <testcase name="契約日が2020-12-01, 解約日が2021-03-31の時、true" classname="kirimaru.biz.domain.ContractTest$CanExpire" time="0.002"/>
  <testcase name="契約日が2020-12-01, 解約日が2021-03-30の時、false" classname="kirimaru.biz.domain.ContractTest$CanExpire" time="0.017"/>
  <testcase name="契約日が2020-12-01, 解約日が2021-02-28の時、true" classname="kirimaru.biz.domain.ContractTest$CanExpire" time="0.003"/>
  <testcase name="契約日が2020-12-01, 解約日が2024-02-29の時、true" classname="kirimaru.biz.domain.ContractTest$CanExpire" time="0.002"/>
  <testcase name="契約日が2020-12-10, 解約日が2021-12-09の時、true" classname="kirimaru.biz.domain.ContractTest$CanExpire" time="0.002"/>
  <testcase name="契約日が2020-12-10, 解約日が2021-12-10の時、false" classname="kirimaru.biz.domain.ContractTest$CanExpire" time="0.001"/>
  <testcase name="契約日が2020-02-29, 解約日が2024-11-30の時、false" classname="kirimaru.biz.domain.ContractTest$CanExpire" time="0.001"/>
  <testcase name="契約日が2020-02-29, 解約日が2024-12-31の時、false" classname="kirimaru.biz.domain.ContractTest$CanExpire" time="0.001"/>
  <testcase name="契約日が2020-11-30, 解約日が2021-03-31の時、false" classname="kirimaru.biz.domain.ContractTest$CanExpire" time="0.001"/>
  <testcase name="契約日が2020-12-31, 解約日が2021-04-30の時、true" classname="kirimaru.biz.domain.ContractTest$CanExpire" time="0.003"/>
  <testcase name="契約日が2020-12-31, 解約日が2021-03-31の時、false" classname="kirimaru.biz.domain.ContractTest$CanExpire" time="0.004"/>
  <testcase name="契約日が2020-12-31, 解約日が2021-02-28の時、true" classname="kirimaru.biz.domain.ContractTest$CanExpire" time="0.001"/>
  <testcase name="契約日が2020-12-31, 解約日が2024-02-29の時、true" classname="kirimaru.biz.domain.ContractTest$CanExpire" time="0.002"/>
  <testcase name="契約日が2020-12-30, 解約日が2024-02-28の時、false" classname="kirimaru.biz.domain.ContractTest$CanExpire" time="0.001"/>
  <testcase name="契約日が2020-12-30, 解約日が2024-02-29の時、true" classname="kirimaru.biz.domain.ContractTest$CanExpire" time="0.003"/>
  <system-out><![CDATA[]]></system-out>
  <system-err><![CDATA[]]></system-err>
</testsuite>
