<?xml version="1.0" encoding="UTF-8"?>
<testsuite name="kirimaru.restapi.defultRestControllerTest" tests="3" skipped="0" failures="0" errors="0" timestamp="2021-06-09T13:44:10" hostname="MIZUKAMIHIROTO" time="0.097">
  <properties/>
  <testcase name="success()" classname="kirimaru.restapi.defultRestControllerTest" time="0.043"/>
  <testcase name="hogeError()" classname="kirimaru.restapi.defultRestControllerTest" time="0.019"/>
  <testcase name="runtimeException()" classname="kirimaru.restapi.defultRestControllerTest" time="0.026"/>
  <system-out><![CDATA[2021-06-09 22:44:06.859  INFO 18184 --- [    Test worker] .b.t.a.w.s.WebMvcTestContextBootstrapper : Neither @ContextConfiguration nor @ContextHierarchy found for test class [kirimaru.restapi.defultRestControllerTest], using SpringBootContextLoader
2021-06-09 22:44:06.863  INFO 18184 --- [    Test worker] o.s.t.c.support.AbstractContextLoader    : Could not detect default resource locations for test class [kirimaru.restapi.defultRestControllerTest]: no resource found for suffixes {-context.xml, Context.groovy}.
2021-06-09 22:44:06.864  INFO 18184 --- [    Test worker] t.c.s.AnnotationConfigContextLoaderUtils : Could not detect default configuration classes for test class [kirimaru.restapi.defultRestControllerTest]: defultRestControllerTest does not declare any static, non-private, non-final, nested classes annotated with @Configuration.
2021-06-09 22:44:06.870  INFO 18184 --- [    Test worker] .b.t.c.SpringBootTestContextBootstrapper : Found @SpringBootConfiguration kirimaru.DemoApplication for test class kirimaru.restapi.defultRestControllerTest
2021-06-09 22:44:06.871  INFO 18184 --- [    Test worker] .b.t.a.w.s.WebMvcTestContextBootstrapper : Loaded default TestExecutionListener class names from location [META-INF/spring.factories]: [org.springframework.boot.test.autoconfigure.restdocs.RestDocsTestExecutionListener, org.springframework.boot.test.autoconfigure.web.client.MockRestServiceServerResetTestExecutionListener, org.springframework.boot.test.autoconfigure.web.servlet.MockMvcPrintOnlyOnFailureTestExecutionListener, org.springframework.boot.test.autoconfigure.web.servlet.WebDriverTestExecutionListener, org.springframework.boot.test.autoconfigure.webservices.client.MockWebServiceServerTestExecutionListener, org.springframework.boot.test.mock.mockito.MockitoTestExecutionListener, org.springframework.boot.test.mock.mockito.ResetMocksTestExecutionListener, org.springframework.test.context.web.ServletTestExecutionListener, org.springframework.test.context.support.DirtiesContextBeforeModesTestExecutionListener, org.springframework.test.context.event.ApplicationEventsTestExecutionListener, org.springframework.test.context.support.DependencyInjectionTestExecutionListener, org.springframework.test.context.support.DirtiesContextTestExecutionListener, org.springframework.test.context.transaction.TransactionalTestExecutionListener, org.springframework.test.context.jdbc.SqlScriptsTestExecutionListener, org.springframework.test.context.event.EventPublishingTestExecutionListener]
2021-06-09 22:44:06.872  INFO 18184 --- [    Test worker] .b.t.a.w.s.WebMvcTestContextBootstrapper : Using TestExecutionListeners: [org.springframework.test.context.web.ServletTestExecutionListener@59d32507, org.springframework.test.context.support.DirtiesContextBeforeModesTestExecutionListener@3dc9dcf, org.springframework.test.context.event.ApplicationEventsTestExecutionListener@71147ce0, org.springframework.boot.test.mock.mockito.MockitoTestExecutionListener@5214fbe3, org.springframework.boot.test.autoconfigure.SpringBootDependencyInjectionTestExecutionListener@122f17bb, org.springframework.test.context.support.DirtiesContextTestExecutionListener@75fad2d4, org.springframework.test.context.transaction.TransactionalTestExecutionListener@27db53f7, org.springframework.test.context.jdbc.SqlScriptsTestExecutionListener@52e56f0c, org.springframework.test.context.event.EventPublishingTestExecutionListener@389d3824, org.springframework.boot.test.autoconfigure.restdocs.RestDocsTestExecutionListener@1b523191, org.springframework.boot.test.autoconfigure.web.client.MockRestServiceServerResetTestExecutionListener@666b9de7, org.springframework.boot.test.autoconfigure.web.servlet.MockMvcPrintOnlyOnFailureTestExecutionListener@1f8f0329, org.springframework.boot.test.autoconfigure.web.servlet.WebDriverTestExecutionListener@4e8244e4, org.springframework.boot.test.autoconfigure.webservices.client.MockWebServiceServerTestExecutionListener@44d62a1c, org.springframework.boot.test.mock.mockito.ResetMocksTestExecutionListener@7e6813c4]

  .   ____          _            __ _ _
 /\\ / ___'_ __ _ _(_)_ __  __ _ \ \ \ \
( ( )\___ | '_ | '_| | '_ \/ _` | \ \ \ \
 \\/  ___)| |_)| | | | | || (_| |  ) ) ) )
  '  |____| .__|_| |_|_| |_\__, | / / / /
 =========|_|==============|___/=/_/_/_/
 :: Spring Boot ::                (v2.4.5)

2021-06-09 22:44:07.030  INFO 18184 --- [    Test worker] k.restapi.defultRestControllerTest       : Starting defultRestControllerTest using Java 15.0.1 on MizukamiHiroto with PID 18184 (started by nainai in C:\Users\naina\products\cucumber-sample\kirimaru-backend)
2021-06-09 22:44:07.031  INFO 18184 --- [    Test worker] k.restapi.defultRestControllerTest       : The following profiles are active: ut,common,external-ut,repository-ut
2021-06-09 22:44:08.067  INFO 18184 --- [    Test worker] kirimaru.config.ExternalProperties       : ********************
2021-06-09 22:44:08.068  INFO 18184 --- [    Test worker] kirimaru.config.ExternalProperties       : FacebookProperties(super=ExternalProperties(host=localhost, protocol=http, port=10080, endpoint=facebook, timeout=3, rootUrl=http://localhost:10080/facebook))
2021-06-09 22:44:08.068  INFO 18184 --- [    Test worker] kirimaru.config.ExternalProperties       : ********************
2021-06-09 22:44:08.102  INFO 18184 --- [    Test worker] kirimaru.config.ExternalProperties       : ********************
2021-06-09 22:44:08.109  INFO 18184 --- [    Test worker] kirimaru.config.ExternalProperties       : TwitterProperties(super=ExternalProperties(host=localhost, protocol=http, port=80, endpoint=twitter, timeout=3, rootUrl=http://localhost:80/twitter))
2021-06-09 22:44:08.110  INFO 18184 --- [    Test worker] kirimaru.config.ExternalProperties       : ********************
あいうえお
ZipCloudClientProperties(super=ExternalProperties(schema=null, host=null, port=0, path=null, connectionTimeout=0, readTimeout=0, rootUrl=))
かきくけこ
2021-06-09 22:44:08.508  INFO 18184 --- [    Test worker] k.e.operation.RestOperationFactory       : Initialize RestTemplate completed. properties=[ZipCloudClientProperties(super=ExternalProperties(schema=null, host=null, port=0, path=null, connectionTimeout=0, readTimeout=0, rootUrl=))]
2021-06-09 22:44:08.879  INFO 18184 --- [    Test worker] o.s.s.concurrent.ThreadPoolTaskExecutor  : Initializing ExecutorService 'applicationTaskExecutor'
2021-06-09 22:44:09.958  INFO 18184 --- [    Test worker] o.s.b.t.m.w.SpringBootMockServletContext : Initializing Spring TestDispatcherServlet ''
2021-06-09 22:44:09.958  INFO 18184 --- [    Test worker] o.s.t.web.servlet.TestDispatcherServlet  : Initializing Servlet ''
2021-06-09 22:44:09.959  INFO 18184 --- [    Test worker] o.s.t.web.servlet.TestDispatcherServlet  : Completed initialization in 1 ms
2021-06-09 22:44:09.997  INFO 18184 --- [    Test worker] k.restapi.defultRestControllerTest       : Started defultRestControllerTest in 3.122 seconds (JVM running for 94.489)
2021-06-09 22:44:10.007  INFO 18184 --- [    Test worker] k.r.interceptor.MaintenanceInterceptor   : preHandle
2021-06-09 22:44:10.034 ERROR 18184 --- [    Test worker] k.r.interceptor.MaintenanceInterceptor   : postHandle
2021-06-09 22:44:10.035 ERROR 18184 --- [    Test worker] k.r.interceptor.MaintenanceInterceptor   : afterCompletion
2021-06-09 22:44:10.054  INFO 18184 --- [    Test worker] k.r.interceptor.MaintenanceInterceptor   : preHandle
2021-06-09 22:44:10.060 ERROR 18184 --- [    Test worker] k.r.interceptor.MaintenanceInterceptor   : afterCompletion
2021-06-09 22:44:10.084  INFO 18184 --- [    Test worker] k.r.interceptor.MaintenanceInterceptor   : preHandle
2021-06-09 22:44:10.087 ERROR 18184 --- [    Test worker] k.r.interceptor.MaintenanceInterceptor   : afterCompletion
]]></system-out>
  <system-err><![CDATA[]]></system-err>
</testsuite>
