<?xml version="1.0" encoding="UTF-8"?>
<testsuite name="kirimaru.e2e.RestAssuredTests" tests="1" skipped="0" failures="0" errors="0" timestamp="2021-06-09T13:43:56" hostname="MIZUKAMIHIROTO" time="3.298">
  <properties/>
  <testcase name="test_01()" classname="kirimaru.e2e.RestAssuredTests" time="3.298"/>
  <system-out><![CDATA[2021-06-09 22:43:57.770  INFO 18184 --- [    Test worker] o.s.mock.web.MockServletContext          : Initializing Spring TestDispatcherServlet ''
2021-06-09 22:43:57.770  INFO 18184 --- [    Test worker] o.s.t.web.servlet.TestDispatcherServlet  : Initializing Servlet ''
2021-06-09 22:43:57.771  INFO 18184 --- [    Test worker] o.s.t.web.servlet.TestDispatcherServlet  : Completed initialization in 1 ms
]]></system-out>
  <system-err><![CDATA[]]></system-err>
</testsuite>
