<?xml version="1.0" encoding="UTF-8"?>
<testsuite name="kirimaru.biz.domain.CloneTests$Serialization" tests="4" skipped="0" failures="0" errors="0" timestamp="2021-06-09T13:43:15" hostname="MIZUKAMIHIROTO" time="0.124">
  <properties/>
  <testcase name="データをコピーする()" classname="kirimaru.biz.domain.CloneTests$Serialization" time="0.048"/>
  <testcase name="serializableのデータはコピーできない()" classname="kirimaru.biz.domain.CloneTests$Serialization" time="0.04"/>
  <testcase name="リストデータをコピーする()" classname="kirimaru.biz.domain.CloneTests$Serialization" time="0.009"/>
  <testcase name="データをコピーする3()" classname="kirimaru.biz.domain.CloneTests$Serialization" time="0.024"/>
  <system-out><![CDATA[====================
ReturnHistory(id=100, date=2019-10-01T01:01, gorilla=null, animal=Animal(id=999, registerDate=-999999999-01-01T00:00))
====================
ReturnHistory(id=100, date=2019-10-01T01:01, gorilla=null, animal=Animal(id=999, registerDate=null))
]]></system-out>
  <system-err><![CDATA[]]></system-err>
</testsuite>
