<?xml version="1.0" encoding="UTF-8"?>
<testsuite name="kirimaru.config.CorePropertiesTests" tests="1" skipped="0" failures="0" errors="0" timestamp="2021-06-08T14:55:09" hostname="MIZUKAMIHIROTO" time="0.01">
  <properties/>
  <testcase name="test_01()" classname="kirimaru.config.CorePropertiesTests" time="0.01"/>
  <system-out><![CDATA[2021-06-08 23:55:08.879  INFO 9988 --- [    Test worker] o.s.t.c.support.AbstractContextLoader    : Could not detect default resource locations for test class [kirimaru.config.CorePropertiesTests]: no resource found for suffixes {-context.xml, Context.groovy}.
2021-06-08 23:55:08.880  INFO 9988 --- [    Test worker] t.c.s.AnnotationConfigContextLoaderUtils : Could not detect default configuration classes for test class [kirimaru.config.CorePropertiesTests]: CorePropertiesTests does not declare any static, non-private, non-final, nested classes annotated with @Configuration.
2021-06-08 23:55:08.882  INFO 9988 --- [    Test worker] o.s.t.c.s.DefaultTestContextBootstrapper : Loaded default TestExecutionListener class names from location [META-INF/spring.factories]: [org.springframework.boot.test.autoconfigure.restdocs.RestDocsTestExecutionListener, org.springframework.boot.test.autoconfigure.web.client.MockRestServiceServerResetTestExecutionListener, org.springframework.boot.test.autoconfigure.web.servlet.MockMvcPrintOnlyOnFailureTestExecutionListener, org.springframework.boot.test.autoconfigure.web.servlet.WebDriverTestExecutionListener, org.springframework.boot.test.autoconfigure.webservices.client.MockWebServiceServerTestExecutionListener, org.springframework.boot.test.mock.mockito.MockitoTestExecutionListener, org.springframework.boot.test.mock.mockito.ResetMocksTestExecutionListener, org.springframework.test.context.web.ServletTestExecutionListener, org.springframework.test.context.support.DirtiesContextBeforeModesTestExecutionListener, org.springframework.test.context.event.ApplicationEventsTestExecutionListener, org.springframework.test.context.support.DependencyInjectionTestExecutionListener, org.springframework.test.context.support.DirtiesContextTestExecutionListener, org.springframework.test.context.transaction.TransactionalTestExecutionListener, org.springframework.test.context.jdbc.SqlScriptsTestExecutionListener, org.springframework.test.context.event.EventPublishingTestExecutionListener]
2021-06-08 23:55:08.883  INFO 9988 --- [    Test worker] o.s.t.c.s.DefaultTestContextBootstrapper : Using TestExecutionListeners: [org.springframework.test.context.web.ServletTestExecutionListener@52cb5fa6, org.springframework.test.context.support.DirtiesContextBeforeModesTestExecutionListener@707b3d17, org.springframework.test.context.event.ApplicationEventsTestExecutionListener@6aafe256, org.springframework.boot.test.mock.mockito.MockitoTestExecutionListener@2ee26c5f, org.springframework.test.context.support.DependencyInjectionTestExecutionListener@265c304a, org.springframework.test.context.support.DirtiesContextTestExecutionListener@fe63213, org.springframework.test.context.transaction.TransactionalTestExecutionListener@1acecceb, org.springframework.test.context.jdbc.SqlScriptsTestExecutionListener@2773db79, org.springframework.test.context.event.EventPublishingTestExecutionListener@60ea61bd, org.springframework.boot.test.autoconfigure.restdocs.RestDocsTestExecutionListener@5e22b119, org.springframework.boot.test.autoconfigure.web.client.MockRestServiceServerResetTestExecutionListener@32e797a2, org.springframework.boot.test.autoconfigure.web.servlet.MockMvcPrintOnlyOnFailureTestExecutionListener@bf63a94, org.springframework.boot.test.autoconfigure.web.servlet.WebDriverTestExecutionListener@382255de, org.springframework.boot.test.autoconfigure.webservices.client.MockWebServiceServerTestExecutionListener@734381ba, org.springframework.boot.test.mock.mockito.ResetMocksTestExecutionListener@7d9742f7]
]]></system-out>
  <system-err><![CDATA[]]></system-err>
</testsuite>
