<?xml version="1.0" encoding="UTF-8"?>
<testsuite name="kirimaru.external.ftp.FtpClientImplTests" tests="2" skipped="0" failures="0" errors="0" timestamp="2021-06-09T13:44:00" hostname="MIZUKAMIHIROTO" time="2.45">
  <properties/>
  <testcase name="test_01()" classname="kirimaru.external.ftp.FtpClientImplTests" time="1.848"/>
  <testcase name="test_02()" classname="kirimaru.external.ftp.FtpClientImplTests" time="0.601"/>
  <system-out><![CDATA[2021-06-09 22:44:00.131  INFO 18184 --- [       Thread-6] org.mockftpserver.fake.FakeFtpServer     : Starting the server on port 0
2021-06-09 22:44:00.156  INFO 18184 --- [       Thread-6] org.mockftpserver.fake.FakeFtpServer     : Actual server port is 57746
2021-06-09 22:44:01.533  INFO 18184 --- [       Thread-6] org.mockftpserver.fake.FakeFtpServer     : Connection accepted from host /127.0.0.1
2021-06-09 22:44:01.546  INFO 18184 --- [       Thread-7] o.m.core.command.ConnectCommandHandler   : Sending reply [220 Service ready for new user. (MockFtpServer 2.7.1; see http://mockftpserver.sourceforge.net)]
2021-06-09 22:44:01.572  INFO 18184 --- [       Thread-7] o.m.core.session.DefaultSession          : Received command: [USER user]
2021-06-09 22:44:01.576  INFO 18184 --- [       Thread-7] o.m.fake.command.UserCommandHandler      : Sending reply [331 User name okay, need password.]
2021-06-09 22:44:01.603  INFO 18184 --- [       Thread-7] o.m.core.session.DefaultSession          : Received command: [PASS pass]
2021-06-09 22:44:01.604  INFO 18184 --- [       Thread-7] o.m.fake.command.PassCommandHandler      : Sending reply [230 User logged in, proceed.]
2021-06-09 22:44:01.605  INFO 18184 --- [       Thread-7] o.m.core.session.DefaultSession          : Received command: [TYPE I]
2021-06-09 22:44:01.605  INFO 18184 --- [       Thread-7] o.m.fake.command.TypeCommandHandler      : Sending reply [200 TYPE completed.]
2021-06-09 22:44:01.606  INFO 18184 --- [       Thread-7] o.m.core.session.DefaultSession          : Received command: [PWD]
2021-06-09 22:44:01.607  INFO 18184 --- [       Thread-7] o.m.fake.command.PwdCommandHandler       : Sending reply [257 "/user" is current directory.] args=[/user]
2021-06-09 22:44:01.638  INFO 18184 --- [       Thread-7] o.m.core.session.DefaultSession          : Received command: [SYST]
2021-06-09 22:44:01.639  INFO 18184 --- [       Thread-7] o.m.fake.command.SystCommandHandler      : Sending reply [215 "WINDOWS"] args=[WINDOWS]
2021-06-09 22:44:01.664  INFO 18184 --- [       Thread-7] o.m.core.session.DefaultSession          : Received command: [PASV]
2021-06-09 22:44:01.667  INFO 18184 --- [       Thread-7] o.m.fake.command.PasvCommandHandler      : Sending reply [227 (127,0,0,1,240,180)] args=[127,0,0,1,240,180]
2021-06-09 22:44:01.696  INFO 18184 --- [       Thread-7] o.m.core.session.DefaultSession          : Received command: [LIST]
2021-06-09 22:44:01.698  INFO 18184 --- [       Thread-7] o.m.fake.command.ListCommandHandler      : Sending reply [150 File status okay; about to open data connection.]
2021-06-09 22:44:01.701  INFO 18184 --- [       Thread-7] o.m.fake.command.ListCommandHandler      : Sending []
2021-06-09 22:44:01.704  INFO 18184 --- [       Thread-7] o.m.fake.command.ListCommandHandler      : Sending reply [226 Closing data connection. Requested file action successful.]
2021-06-09 22:44:01.758  INFO 18184 --- [       Thread-7] o.m.core.session.DefaultSession          : Received command: [MKD 20201116]
2021-06-09 22:44:01.761  INFO 18184 --- [       Thread-7] o.m.fake.command.MkdCommandHandler       : Sending reply [257 "/user/20201116" created.] args=[/user/20201116]
2021-06-09 22:44:01.762  INFO 18184 --- [       Thread-7] o.m.core.session.DefaultSession          : Received command: [CWD 20201116]
2021-06-09 22:44:01.764  INFO 18184 --- [       Thread-7] o.m.fake.command.CwdCommandHandler       : Sending reply [250 CWD completed. New directory is /user/20201116.] args=[/user/20201116]
2021-06-09 22:44:01.766  INFO 18184 --- [       Thread-7] o.m.core.session.DefaultSession          : Received command: [PASV]
2021-06-09 22:44:01.768  INFO 18184 --- [       Thread-7] o.m.fake.command.PasvCommandHandler      : Sending reply [227 (127,0,0,1,228,156)] args=[127,0,0,1,228,156]
2021-06-09 22:44:01.808  INFO 18184 --- [       Thread-7] o.m.core.session.DefaultSession          : Received command: [LIST]
2021-06-09 22:44:01.811  INFO 18184 --- [       Thread-7] o.m.fake.command.ListCommandHandler      : Sending reply [150 File status okay; about to open data connection.]
2021-06-09 22:44:01.814  INFO 18184 --- [       Thread-7] o.m.fake.command.ListCommandHandler      : Sending []
2021-06-09 22:44:01.815  INFO 18184 --- [       Thread-7] o.m.fake.command.ListCommandHandler      : Sending reply [226 Closing data connection. Requested file action successful.]
2021-06-09 22:44:01.865  INFO 18184 --- [       Thread-7] o.m.core.session.DefaultSession          : Received command: [MKD AIUEO]
2021-06-09 22:44:01.869  INFO 18184 --- [       Thread-7] o.m.fake.command.MkdCommandHandler       : Sending reply [257 "/user/20201116/AIUEO" created.] args=[/user/20201116/AIUEO]
2021-06-09 22:44:01.871  INFO 18184 --- [       Thread-7] o.m.core.session.DefaultSession          : Received command: [CWD AIUEO]
2021-06-09 22:44:01.873  INFO 18184 --- [       Thread-7] o.m.fake.command.CwdCommandHandler       : Sending reply [250 CWD completed. New directory is /user/20201116/AIUEO.] args=[/user/20201116/AIUEO]
2021-06-09 22:44:01.914  INFO 18184 --- [       Thread-7] o.m.core.session.DefaultSession          : Received command: [PASV]
2021-06-09 22:44:01.915  INFO 18184 --- [       Thread-7] o.m.fake.command.PasvCommandHandler      : Sending reply [227 (127,0,0,1,228,158)] args=[127,0,0,1,228,158]
2021-06-09 22:44:01.922  INFO 18184 --- [       Thread-7] o.m.core.session.DefaultSession          : Received command: [STOR 01.png]
2021-06-09 22:44:01.923  INFO 18184 --- [       Thread-7] o.m.fake.command.StorCommandHandler      : Sending reply [150 File status okay; about to open data connection.]
2021-06-09 22:44:01.927  INFO 18184 --- [       Thread-7] o.m.fake.command.StorCommandHandler      : Sending reply [226 Created file 01.png.] args=[01.png]
2021-06-09 22:44:01.928  INFO 18184 --- [       Thread-7] o.m.core.session.DefaultSession          : Received command: [CWD /user]
2021-06-09 22:44:01.928  INFO 18184 --- [       Thread-7] o.m.fake.command.CwdCommandHandler       : Sending reply [250 CWD completed. New directory is /user.] args=[/user]
2021-06-09 22:44:01.957  INFO 18184 --- [       Thread-6] org.mockftpserver.fake.FakeFtpServer     : Server stopped.
2021-06-09 22:44:01.989  INFO 18184 --- [       Thread-8] org.mockftpserver.fake.FakeFtpServer     : Starting the server on port 0
2021-06-09 22:44:01.990  INFO 18184 --- [       Thread-8] org.mockftpserver.fake.FakeFtpServer     : Actual server port is 58528
2021-06-09 22:44:01.998  INFO 18184 --- [       Thread-8] org.mockftpserver.fake.FakeFtpServer     : Connection accepted from host /127.0.0.1
2021-06-09 22:44:02.011  INFO 18184 --- [       Thread-9] o.m.core.command.ConnectCommandHandler   : Sending reply [220 Service ready for new user. (MockFtpServer 2.7.1; see http://mockftpserver.sourceforge.net)]
2021-06-09 22:44:02.015  INFO 18184 --- [       Thread-9] o.m.core.session.DefaultSession          : Received command: [USER user]
2021-06-09 22:44:02.016  INFO 18184 --- [       Thread-9] o.m.fake.command.UserCommandHandler      : Sending reply [331 User name okay, need password.]
2021-06-09 22:44:02.021  INFO 18184 --- [       Thread-9] o.m.core.session.DefaultSession          : Received command: [PASS pass]
2021-06-09 22:44:02.022  INFO 18184 --- [       Thread-9] o.m.fake.command.PassCommandHandler      : Sending reply [230 User logged in, proceed.]
2021-06-09 22:44:02.023  INFO 18184 --- [       Thread-9] o.m.core.session.DefaultSession          : Received command: [TYPE I]
2021-06-09 22:44:02.024  INFO 18184 --- [       Thread-9] o.m.fake.command.TypeCommandHandler      : Sending reply [200 TYPE completed.]
2021-06-09 22:44:02.025  INFO 18184 --- [       Thread-9] o.m.core.session.DefaultSession          : Received command: [PWD]
2021-06-09 22:44:02.026  INFO 18184 --- [       Thread-9] o.m.fake.command.PwdCommandHandler       : Sending reply [257 "/user" is current directory.] args=[/user]
2021-06-09 22:44:02.057  INFO 18184 --- [       Thread-9] o.m.core.session.DefaultSession          : Received command: [SYST]
2021-06-09 22:44:02.058  INFO 18184 --- [       Thread-9] o.m.fake.command.SystCommandHandler      : Sending reply [215 "WINDOWS"] args=[WINDOWS]
2021-06-09 22:44:02.064  INFO 18184 --- [       Thread-9] o.m.core.session.DefaultSession          : Received command: [PASV]
2021-06-09 22:44:02.068  INFO 18184 --- [       Thread-9] o.m.fake.command.PasvCommandHandler      : Sending reply [227 (127,0,0,1,228,162)] args=[127,0,0,1,228,162]
2021-06-09 22:44:02.071  INFO 18184 --- [       Thread-9] o.m.core.session.DefaultSession          : Received command: [LIST]
2021-06-09 22:44:02.073  INFO 18184 --- [       Thread-9] o.m.fake.command.ListCommandHandler      : Sending reply [150 File status okay; about to open data connection.]
2021-06-09 22:44:02.075  INFO 18184 --- [       Thread-9] o.m.fake.command.ListCommandHandler      : Sending []
2021-06-09 22:44:02.088  INFO 18184 --- [       Thread-9] o.m.fake.command.ListCommandHandler      : Sending reply [226 Closing data connection. Requested file action successful.]
2021-06-09 22:44:02.121  INFO 18184 --- [       Thread-9] o.m.core.session.DefaultSession          : Received command: [MKD 20201116]
2021-06-09 22:44:02.125  INFO 18184 --- [       Thread-9] o.m.fake.command.MkdCommandHandler       : Sending reply [257 "/user/20201116" created.] args=[/user/20201116]
2021-06-09 22:44:02.165  INFO 18184 --- [       Thread-9] o.m.core.session.DefaultSession          : Received command: [CWD 20201116]
2021-06-09 22:44:02.166  INFO 18184 --- [       Thread-9] o.m.fake.command.CwdCommandHandler       : Sending reply [250 CWD completed. New directory is /user/20201116.] args=[/user/20201116]
2021-06-09 22:44:02.193  INFO 18184 --- [       Thread-9] o.m.core.session.DefaultSession          : Received command: [PASV]
2021-06-09 22:44:02.195  INFO 18184 --- [       Thread-9] o.m.fake.command.PasvCommandHandler      : Sending reply [227 (127,0,0,1,228,164)] args=[127,0,0,1,228,164]
2021-06-09 22:44:02.227  INFO 18184 --- [       Thread-9] o.m.core.session.DefaultSession          : Received command: [LIST]
2021-06-09 22:44:02.235  INFO 18184 --- [       Thread-9] o.m.fake.command.ListCommandHandler      : Sending reply [150 File status okay; about to open data connection.]
2021-06-09 22:44:02.237  INFO 18184 --- [       Thread-9] o.m.fake.command.ListCommandHandler      : Sending []
2021-06-09 22:44:02.243  INFO 18184 --- [       Thread-9] o.m.fake.command.ListCommandHandler      : Sending reply [226 Closing data connection. Requested file action successful.]
2021-06-09 22:44:02.244  INFO 18184 --- [       Thread-9] o.m.core.session.DefaultSession          : Received command: [MKD AIUEO]
2021-06-09 22:44:02.245  INFO 18184 --- [       Thread-9] o.m.fake.command.MkdCommandHandler       : Sending reply [257 "/user/20201116/AIUEO" created.] args=[/user/20201116/AIUEO]
2021-06-09 22:44:02.273  INFO 18184 --- [       Thread-9] o.m.core.session.DefaultSession          : Received command: [CWD AIUEO]
2021-06-09 22:44:02.277  INFO 18184 --- [       Thread-9] o.m.fake.command.CwdCommandHandler       : Sending reply [250 CWD completed. New directory is /user/20201116/AIUEO.] args=[/user/20201116/AIUEO]
2021-06-09 22:44:02.279  INFO 18184 --- [       Thread-9] o.m.core.session.DefaultSession          : Received command: [PASV]
2021-06-09 22:44:02.281  INFO 18184 --- [       Thread-9] o.m.fake.command.PasvCommandHandler      : Sending reply [227 (127,0,0,1,228,166)] args=[127,0,0,1,228,166]
2021-06-09 22:44:02.311  INFO 18184 --- [       Thread-9] o.m.core.session.DefaultSession          : Received command: [STOR 01.png]
2021-06-09 22:44:02.314  INFO 18184 --- [       Thread-9] o.m.fake.command.StorCommandHandler      : Sending reply [150 File status okay; about to open data connection.]
2021-06-09 22:44:02.316  INFO 18184 --- [       Thread-9] o.m.fake.command.StorCommandHandler      : Sending reply [226 Created file 01.png.] args=[01.png]
2021-06-09 22:44:02.327  INFO 18184 --- [       Thread-9] o.m.core.session.DefaultSession          : Received command: [CWD /user]
2021-06-09 22:44:02.329  INFO 18184 --- [       Thread-9] o.m.fake.command.CwdCommandHandler       : Sending reply [250 CWD completed. New directory is /user.] args=[/user]
2021-06-09 22:44:02.356  INFO 18184 --- [       Thread-9] o.m.core.session.DefaultSession          : Received command: [PASV]
2021-06-09 22:44:02.358  INFO 18184 --- [       Thread-9] o.m.fake.command.PasvCommandHandler      : Sending reply [227 (127,0,0,1,228,168)] args=[127,0,0,1,228,168]
2021-06-09 22:44:02.385  INFO 18184 --- [       Thread-9] o.m.core.session.DefaultSession          : Received command: [LIST]
2021-06-09 22:44:02.391  INFO 18184 --- [       Thread-9] o.m.f.f.UnixDirectoryListingFormatter    : listing=[drwxrwxrwx  1 none     none                   0 Jun 09  2021 20201116]
2021-06-09 22:44:02.392  INFO 18184 --- [       Thread-9] o.m.fake.command.ListCommandHandler      : Sending reply [150 File status okay; about to open data connection.]
2021-06-09 22:44:02.395  INFO 18184 --- [       Thread-9] o.m.fake.command.ListCommandHandler      : Sending [drwxrwxrwx  1 none     none                   0 Jun 09  2021 20201116
]
2021-06-09 22:44:02.402  INFO 18184 --- [       Thread-9] o.m.fake.command.ListCommandHandler      : Sending reply [226 Closing data connection. Requested file action successful.]
2021-06-09 22:44:02.437  INFO 18184 --- [       Thread-9] o.m.core.session.DefaultSession          : Received command: [CWD 20201116]
2021-06-09 22:44:02.438  INFO 18184 --- [       Thread-9] o.m.fake.command.CwdCommandHandler       : Sending reply [250 CWD completed. New directory is /user/20201116.] args=[/user/20201116]
2021-06-09 22:44:02.439  INFO 18184 --- [       Thread-9] o.m.core.session.DefaultSession          : Received command: [PASV]
2021-06-09 22:44:02.439  INFO 18184 --- [       Thread-9] o.m.fake.command.PasvCommandHandler      : Sending reply [227 (127,0,0,1,228,170)] args=[127,0,0,1,228,170]
2021-06-09 22:44:02.464  INFO 18184 --- [       Thread-9] o.m.core.session.DefaultSession          : Received command: [LIST]
2021-06-09 22:44:02.466  INFO 18184 --- [       Thread-9] o.m.f.f.UnixDirectoryListingFormatter    : listing=[drwxrwxrwx  1 none     none                   0 Jun 09  2021 AIUEO]
2021-06-09 22:44:02.470  INFO 18184 --- [       Thread-9] o.m.fake.command.ListCommandHandler      : Sending reply [150 File status okay; about to open data connection.]
2021-06-09 22:44:02.472  INFO 18184 --- [       Thread-9] o.m.fake.command.ListCommandHandler      : Sending [drwxrwxrwx  1 none     none                   0 Jun 09  2021 AIUEO
]
2021-06-09 22:44:02.474  INFO 18184 --- [       Thread-9] o.m.fake.command.ListCommandHandler      : Sending reply [226 Closing data connection. Requested file action successful.]
2021-06-09 22:44:02.476  INFO 18184 --- [       Thread-9] o.m.core.session.DefaultSession          : Received command: [CWD AIUEO]
2021-06-09 22:44:02.477  INFO 18184 --- [       Thread-9] o.m.fake.command.CwdCommandHandler       : Sending reply [250 CWD completed. New directory is /user/20201116/AIUEO.] args=[/user/20201116/AIUEO]
2021-06-09 22:44:02.480  INFO 18184 --- [       Thread-9] o.m.core.session.DefaultSession          : Received command: [PASV]
2021-06-09 22:44:02.482  INFO 18184 --- [       Thread-9] o.m.fake.command.PasvCommandHandler      : Sending reply [227 (127,0,0,1,228,172)] args=[127,0,0,1,228,172]
2021-06-09 22:44:02.487  INFO 18184 --- [       Thread-9] o.m.core.session.DefaultSession          : Received command: [STOR 02.png]
2021-06-09 22:44:02.488  INFO 18184 --- [       Thread-9] o.m.fake.command.StorCommandHandler      : Sending reply [150 File status okay; about to open data connection.]
2021-06-09 22:44:02.490  INFO 18184 --- [       Thread-9] o.m.fake.command.StorCommandHandler      : Sending reply [226 Created file 02.png.] args=[02.png]
2021-06-09 22:44:02.524  INFO 18184 --- [       Thread-9] o.m.core.session.DefaultSession          : Received command: [CWD /user]
2021-06-09 22:44:02.525  INFO 18184 --- [       Thread-9] o.m.fake.command.CwdCommandHandler       : Sending reply [250 CWD completed. New directory is /user.] args=[/user]
2021-06-09 22:44:02.556  INFO 18184 --- [       Thread-8] org.mockftpserver.fake.FakeFtpServer     : Server stopped.
]]></system-out>
  <system-err><![CDATA[]]></system-err>
</testsuite>
