<?xml version="1.0" encoding="UTF-8"?>
<testsuite name="kirimaru.restapi.interceptor.MaintenanceInterceptorTests" tests="1" skipped="0" failures="0" errors="0" timestamp="2021-06-09T13:44:14" hostname="MIZUKAMIHIROTO" time="0.074">
  <properties/>
  <testcase name="success()" classname="kirimaru.restapi.interceptor.MaintenanceInterceptorTests" time="0.074"/>
  <system-out><![CDATA[2021-06-09 22:44:14.378  INFO 18184 --- [    Test worker] o.s.mock.web.MockServletContext          : Initializing Spring TestDispatcherServlet ''
2021-06-09 22:44:14.382  INFO 18184 --- [    Test worker] o.s.t.web.servlet.TestDispatcherServlet  : Initializing Servlet ''
2021-06-09 22:44:14.384  INFO 18184 --- [    Test worker] o.s.t.web.servlet.TestDispatcherServlet  : Completed initialization in 1 ms
2021-06-09 22:44:14.391  INFO 18184 --- [    Test worker] k.r.interceptor.MaintenanceInterceptor   : preHandle
2021-06-09 22:44:14.405 ERROR 18184 --- [    Test worker] k.r.interceptor.MaintenanceInterceptor   : postHandle
2021-06-09 22:44:14.407 ERROR 18184 --- [    Test worker] k.r.interceptor.MaintenanceInterceptor   : afterCompletion
]]></system-out>
  <system-err><![CDATA[]]></system-err>
</testsuite>
