<?xml version="1.0" encoding="UTF-8"?>
<testsuite name="kirimaru.biz.domain.constant.LogLevelTests$TraceTest" tests="1" skipped="0" failures="0" errors="0" timestamp="2021-06-09T13:43:45" hostname="MIZUKAMIHIROTO" time="1.286">
  <properties/>
  <testcase name="testIsLogEnabled()" classname="kirimaru.biz.domain.constant.LogLevelTests$TraceTest" time="1.286"/>
  <system-out><![CDATA[]]></system-out>
  <system-err><![CDATA[]]></system-err>
</testsuite>
