<?xml version="1.0" encoding="UTF-8"?>
<testsuite name="kirimaru.config.CorePropertiesTests" tests="1" skipped="0" failures="0" errors="0" timestamp="2021-06-09T13:43:55" hostname="MIZUKAMIHIROTO" time="0.006">
  <properties/>
  <testcase name="test_01()" classname="kirimaru.config.CorePropertiesTests" time="0.006"/>
  <system-out><![CDATA[2021-06-09 22:43:54.682  INFO 18184 --- [    Test worker] o.s.t.c.support.AbstractContextLoader    : Could not detect default resource locations for test class [kirimaru.config.CorePropertiesTests]: no resource found for suffixes {-context.xml, Context.groovy}.
2021-06-09 22:43:54.683  INFO 18184 --- [    Test worker] t.c.s.AnnotationConfigContextLoaderUtils : Could not detect default configuration classes for test class [kirimaru.config.CorePropertiesTests]: CorePropertiesTests does not declare any static, non-private, non-final, nested classes annotated with @Configuration.
2021-06-09 22:43:54.687  INFO 18184 --- [    Test worker] o.s.t.c.s.DefaultTestContextBootstrapper : Loaded default TestExecutionListener class names from location [META-INF/spring.factories]: [org.springframework.boot.test.autoconfigure.restdocs.RestDocsTestExecutionListener, org.springframework.boot.test.autoconfigure.web.client.MockRestServiceServerResetTestExecutionListener, org.springframework.boot.test.autoconfigure.web.servlet.MockMvcPrintOnlyOnFailureTestExecutionListener, org.springframework.boot.test.autoconfigure.web.servlet.WebDriverTestExecutionListener, org.springframework.boot.test.autoconfigure.webservices.client.MockWebServiceServerTestExecutionListener, org.springframework.boot.test.mock.mockito.MockitoTestExecutionListener, org.springframework.boot.test.mock.mockito.ResetMocksTestExecutionListener, org.springframework.test.context.web.ServletTestExecutionListener, org.springframework.test.context.support.DirtiesContextBeforeModesTestExecutionListener, org.springframework.test.context.event.ApplicationEventsTestExecutionListener, org.springframework.test.context.support.DependencyInjectionTestExecutionListener, org.springframework.test.context.support.DirtiesContextTestExecutionListener, org.springframework.test.context.transaction.TransactionalTestExecutionListener, org.springframework.test.context.jdbc.SqlScriptsTestExecutionListener, org.springframework.test.context.event.EventPublishingTestExecutionListener]
2021-06-09 22:43:54.687  INFO 18184 --- [    Test worker] o.s.t.c.s.DefaultTestContextBootstrapper : Using TestExecutionListeners: [org.springframework.test.context.web.ServletTestExecutionListener@b15529c, org.springframework.test.context.support.DirtiesContextBeforeModesTestExecutionListener@1e8980d0, org.springframework.test.context.event.ApplicationEventsTestExecutionListener@76477ea6, org.springframework.boot.test.mock.mockito.MockitoTestExecutionListener@3941d323, org.springframework.test.context.support.DependencyInjectionTestExecutionListener@18e1e725, org.springframework.test.context.support.DirtiesContextTestExecutionListener@4abc6be9, org.springframework.test.context.transaction.TransactionalTestExecutionListener@7c38e56, org.springframework.test.context.jdbc.SqlScriptsTestExecutionListener@302c9d46, org.springframework.test.context.event.EventPublishingTestExecutionListener@27e38ca9, org.springframework.boot.test.autoconfigure.restdocs.RestDocsTestExecutionListener@e29489f, org.springframework.boot.test.autoconfigure.web.client.MockRestServiceServerResetTestExecutionListener@1583c632, org.springframework.boot.test.autoconfigure.web.servlet.MockMvcPrintOnlyOnFailureTestExecutionListener@4111af69, org.springframework.boot.test.autoconfigure.web.servlet.WebDriverTestExecutionListener@7aace526, org.springframework.boot.test.autoconfigure.webservices.client.MockWebServiceServerTestExecutionListener@3e85375c, org.springframework.boot.test.mock.mockito.ResetMocksTestExecutionListener@353cd4e8]
]]></system-out>
  <system-err><![CDATA[]]></system-err>
</testsuite>
