<?xml version="1.0" encoding="UTF-8"?>
<testsuite name="kirimaru.biz.domain.RetryTests" tests="4" skipped="4" failures="0" errors="0" timestamp="2021-06-09T13:43:49" hostname="MIZUKAMIHIROTO" time="0.0">
  <properties/>
  <testcase name="test_02()" classname="kirimaru.biz.domain.RetryTests" time="0.0">
    <skipped/>
  </testcase>
  <testcase name="test_03()" classname="kirimaru.biz.domain.RetryTests" time="0.0">
    <skipped/>
  </testcase>
  <testcase name="test_04()" classname="kirimaru.biz.domain.RetryTests" time="0.0">
    <skipped/>
  </testcase>
  <testcase name="test_01_02()" classname="kirimaru.biz.domain.RetryTests" time="0.0">
    <skipped/>
  </testcase>
  <system-out><![CDATA[]]></system-out>
  <system-err><![CDATA[]]></system-err>
</testsuite>
