<?xml version="1.0" encoding="UTF-8"?>
<testsuite name="kirimaru.biz.domain.ContractTest$CanExpire_Another" tests="1" skipped="0" failures="0" errors="0" timestamp="2021-06-09T13:43:46" hostname="MIZUKAMIHIROTO" time="0.004">
  <properties/>
  <testcase name="[1] param=ContractTest.CanExpire_Another.Param(start=2020-12-01, end=2021-03-31, result=true)" classname="kirimaru.biz.domain.ContractTest$CanExpire_Another" time="0.004"/>
  <system-out><![CDATA[beforeAll
setup
afterEach
afterAll
]]></system-out>
  <system-err><![CDATA[]]></system-err>
</testsuite>
