<?xml version="1.0" encoding="UTF-8"?>
<testsuite name="kirimaru.config.FacebookPropertiesTests" tests="2" skipped="0" failures="0" errors="0" timestamp="2021-06-09T13:43:55" hostname="MIZUKAMIHIROTO" time="0.017">
  <properties/>
  <testcase name="test_01()" classname="kirimaru.config.FacebookPropertiesTests" time="0.009"/>
  <testcase name="AutowiredしないときはPostConstructが呼ばれない()" classname="kirimaru.config.FacebookPropertiesTests" time="0.007"/>
  <system-out><![CDATA[2021-06-09 22:43:55.054  INFO 18184 --- [    Test worker] o.s.t.c.support.AbstractContextLoader    : Could not detect default resource locations for test class [kirimaru.config.FacebookPropertiesTests]: no resource found for suffixes {-context.xml, Context.groovy}.
2021-06-09 22:43:55.054  INFO 18184 --- [    Test worker] t.c.s.AnnotationConfigContextLoaderUtils : Could not detect default configuration classes for test class [kirimaru.config.FacebookPropertiesTests]: FacebookPropertiesTests does not declare any static, non-private, non-final, nested classes annotated with @Configuration.
2021-06-09 22:43:55.058  INFO 18184 --- [    Test worker] o.s.t.c.s.DefaultTestContextBootstrapper : Loaded default TestExecutionListener class names from location [META-INF/spring.factories]: [org.springframework.boot.test.autoconfigure.restdocs.RestDocsTestExecutionListener, org.springframework.boot.test.autoconfigure.web.client.MockRestServiceServerResetTestExecutionListener, org.springframework.boot.test.autoconfigure.web.servlet.MockMvcPrintOnlyOnFailureTestExecutionListener, org.springframework.boot.test.autoconfigure.web.servlet.WebDriverTestExecutionListener, org.springframework.boot.test.autoconfigure.webservices.client.MockWebServiceServerTestExecutionListener, org.springframework.boot.test.mock.mockito.MockitoTestExecutionListener, org.springframework.boot.test.mock.mockito.ResetMocksTestExecutionListener, org.springframework.test.context.web.ServletTestExecutionListener, org.springframework.test.context.support.DirtiesContextBeforeModesTestExecutionListener, org.springframework.test.context.event.ApplicationEventsTestExecutionListener, org.springframework.test.context.support.DependencyInjectionTestExecutionListener, org.springframework.test.context.support.DirtiesContextTestExecutionListener, org.springframework.test.context.transaction.TransactionalTestExecutionListener, org.springframework.test.context.jdbc.SqlScriptsTestExecutionListener, org.springframework.test.context.event.EventPublishingTestExecutionListener]
2021-06-09 22:43:55.060  INFO 18184 --- [    Test worker] o.s.t.c.s.DefaultTestContextBootstrapper : Using TestExecutionListeners: [org.springframework.test.context.web.ServletTestExecutionListener@74d265e6, org.springframework.test.context.support.DirtiesContextBeforeModesTestExecutionListener@24b2e6b4, org.springframework.test.context.event.ApplicationEventsTestExecutionListener@292bb419, org.springframework.boot.test.mock.mockito.MockitoTestExecutionListener@7e6697d2, org.springframework.test.context.support.DependencyInjectionTestExecutionListener@19fc30ad, org.springframework.test.context.support.DirtiesContextTestExecutionListener@2ac8f260, org.springframework.test.context.transaction.TransactionalTestExecutionListener@5e37105c, org.springframework.test.context.jdbc.SqlScriptsTestExecutionListener@14a5d44f, org.springframework.test.context.event.EventPublishingTestExecutionListener@6c24e72e, org.springframework.boot.test.autoconfigure.restdocs.RestDocsTestExecutionListener@1924338, org.springframework.boot.test.autoconfigure.web.client.MockRestServiceServerResetTestExecutionListener@674116a6, org.springframework.boot.test.autoconfigure.web.servlet.MockMvcPrintOnlyOnFailureTestExecutionListener@5dfca1ad, org.springframework.boot.test.autoconfigure.web.servlet.WebDriverTestExecutionListener@16aa20ab, org.springframework.boot.test.autoconfigure.webservices.client.MockWebServiceServerTestExecutionListener@5322ac5, org.springframework.boot.test.mock.mockito.ResetMocksTestExecutionListener@6a29f8e3]
2021-06-09 22:43:55.458  INFO 18184 --- [    Test worker] kirimaru.config.ExternalProperties       : ********************
2021-06-09 22:43:55.459  INFO 18184 --- [    Test worker] kirimaru.config.ExternalProperties       : FacebookProperties(super=ExternalProperties(host=localhost, protocol=http, port=10080, endpoint=facebook, timeout=3, rootUrl=http://localhost:10080/facebook))
2021-06-09 22:43:55.459  INFO 18184 --- [    Test worker] kirimaru.config.ExternalProperties       : ********************
]]></system-out>
  <system-err><![CDATA[]]></system-err>
</testsuite>
