<?xml version="1.0" encoding="UTF-8"?>
<testsuite name="kirimaru.biz.domain.SeasonTests" tests="2" skipped="0" failures="0" errors="0" timestamp="2021-06-09T13:43:49" hostname="MIZUKAMIHIROTO" time="0.003">
  <properties/>
  <testcase name="test_01()" classname="kirimaru.biz.domain.SeasonTests" time="0.002"/>
  <testcase name="test_02()" classname="kirimaru.biz.domain.SeasonTests" time="0.001"/>
  <system-out><![CDATA[夏は英語で「Summer」です。
]]></system-out>
  <system-err><![CDATA[]]></system-err>
</testsuite>
