<?xml version="1.0" encoding="UTF-8"?>
<testsuite name="kirimaru.biz.domain.TwoArrayTests" tests="1" skipped="0" failures="0" errors="0" timestamp="2021-06-09T13:43:50" hostname="MIZUKAMIHIROTO" time="0.011">
  <properties/>
  <testcase name="AとBの重複した項目のみを出力する" classname="kirimaru.biz.domain.TwoArrayTests" time="0.011"/>
  <system-out><![CDATA[]]></system-out>
  <system-err><![CDATA[]]></system-err>
</testsuite>
