<?xml version="1.0" encoding="UTF-8"?>
<testsuite name="kirimaru.biz.domain.weather.WeatherDomainServiceTests$WithHeader" tests="1" skipped="0" failures="0" errors="0" timestamp="2021-06-09T13:43:51" hostname="MIZUKAMIHIROTO" time="0.117">
  <properties/>
  <testcase name="test_01()" classname="kirimaru.biz.domain.weather.WeatherDomainServiceTests$WithHeader" time="0.117"/>
  <system-out><![CDATA[]]></system-out>
  <system-err><![CDATA[]]></system-err>
</testsuite>
