<?xml version="1.0" encoding="UTF-8"?>
<testsuite name="kirimaru.biz.domain.constant.ErrorCodeTests$FillMessages$性能チェック" tests="2" skipped="2" failures="0" errors="0" timestamp="2021-06-09T13:43:44" hostname="MIZUKAMIHIROTO" time="0.011">
  <properties/>
  <testcase name="test_01()" classname="kirimaru.biz.domain.constant.ErrorCodeTests$FillMessages$性能チェック" time="0.001">
    <skipped/>
  </testcase>
  <testcase name="test_02()" classname="kirimaru.biz.domain.constant.ErrorCodeTests$FillMessages$性能チェック" time="0.002">
    <skipped/>
  </testcase>
  <system-out><![CDATA[]]></system-out>
  <system-err><![CDATA[]]></system-err>
</testsuite>
