<?xml version="1.0" encoding="UTF-8"?>
<testsuite name="kirimaru.biz.domain.constant.ErrorCodeTests$FillMessages" tests="5" skipped="0" failures="0" errors="0" timestamp="2021-06-09T13:43:44" hostname="MIZUKAMIHIROTO" time="0.063">
  <properties/>
  <testcase name="test_01()" classname="kirimaru.biz.domain.constant.ErrorCodeTests$FillMessages" time="0.014"/>
  <testcase name="test_02()" classname="kirimaru.biz.domain.constant.ErrorCodeTests$FillMessages" time="0.001"/>
  <testcase name="test_03()" classname="kirimaru.biz.domain.constant.ErrorCodeTests$FillMessages" time="0.006"/>
  <testcase name="test_04()" classname="kirimaru.biz.domain.constant.ErrorCodeTests$FillMessages" time="0.025"/>
  <testcase name="test_05()" classname="kirimaru.biz.domain.constant.ErrorCodeTests$FillMessages" time="0.013"/>
  <system-out><![CDATA[]]></system-out>
  <system-err><![CDATA[]]></system-err>
</testsuite>
