<?xml version="1.0" encoding="UTF-8"?>
<testsuite name="kirimaru.biz.domain.ecard.card.CardTest$Battle" tests="5" skipped="0" failures="0" errors="0" timestamp="2021-06-09T13:43:46" hostname="MIZUKAMIHIROTO" time="0.027">
  <properties/>
  <testcase name="[1] player1=EMPEROR, player2=CITIZEN, result=WIN" classname="kirimaru.biz.domain.ecard.card.CardTest$Battle" time="0.007"/>
  <testcase name="[2] player1=EMPEROR, player2=SLAVE, result=LOSE" classname="kirimaru.biz.domain.ecard.card.CardTest$Battle" time="0.0"/>
  <testcase name="[3] player1=CITIZEN, player2=CITIZEN, result=EVEN" classname="kirimaru.biz.domain.ecard.card.CardTest$Battle" time="0.002"/>
  <testcase name="[4] player1=SLAVE, player2=EMPEROR, result=WIN" classname="kirimaru.biz.domain.ecard.card.CardTest$Battle" time="0.002"/>
  <testcase name="[5] player1=SLAVE, player2=CITIZEN, result=LOSE" classname="kirimaru.biz.domain.ecard.card.CardTest$Battle" time="0.001"/>
  <system-out><![CDATA[]]></system-out>
  <system-err><![CDATA[]]></system-err>
</testsuite>
