<?xml version="1.0" encoding="UTF-8"?>
<testsuite name="kirimaru.DemoApplicationTests" tests="1" skipped="0" failures="0" errors="0" timestamp="2021-06-09T13:43:56" hostname="MIZUKAMIHIROTO" time="0.077">
  <properties/>
  <testcase name="contextLoads()" classname="kirimaru.DemoApplicationTests" time="0.077"/>
  <system-out><![CDATA[2021-06-09 22:43:56.505  INFO 18184 --- [    Test worker] .b.t.c.SpringBootTestContextBootstrapper : Neither @ContextConfiguration nor @ContextHierarchy found for test class [kirimaru.DemoApplicationTests], using SpringBootContextLoader
2021-06-09 22:43:56.512  INFO 18184 --- [    Test worker] o.s.t.c.support.AbstractContextLoader    : Could not detect default resource locations for test class [kirimaru.DemoApplicationTests]: no resource found for suffixes {-context.xml, Context.groovy}.
2021-06-09 22:43:56.516  INFO 18184 --- [    Test worker] t.c.s.AnnotationConfigContextLoaderUtils : Could not detect default configuration classes for test class [kirimaru.DemoApplicationTests]: DemoApplicationTests does not declare any static, non-private, non-final, nested classes annotated with @Configuration.
2021-06-09 22:43:56.527  INFO 18184 --- [    Test worker] .b.t.c.SpringBootTestContextBootstrapper : Found @SpringBootConfiguration kirimaru.DemoApplication for test class kirimaru.DemoApplicationTests
2021-06-09 22:43:56.531  INFO 18184 --- [    Test worker] .b.t.c.SpringBootTestContextBootstrapper : Loaded default TestExecutionListener class names from location [META-INF/spring.factories]: [org.springframework.boot.test.autoconfigure.restdocs.RestDocsTestExecutionListener, org.springframework.boot.test.autoconfigure.web.client.MockRestServiceServerResetTestExecutionListener, org.springframework.boot.test.autoconfigure.web.servlet.MockMvcPrintOnlyOnFailureTestExecutionListener, org.springframework.boot.test.autoconfigure.web.servlet.WebDriverTestExecutionListener, org.springframework.boot.test.autoconfigure.webservices.client.MockWebServiceServerTestExecutionListener, org.springframework.boot.test.mock.mockito.MockitoTestExecutionListener, org.springframework.boot.test.mock.mockito.ResetMocksTestExecutionListener, org.springframework.test.context.web.ServletTestExecutionListener, org.springframework.test.context.support.DirtiesContextBeforeModesTestExecutionListener, org.springframework.test.context.event.ApplicationEventsTestExecutionListener, org.springframework.test.context.support.DependencyInjectionTestExecutionListener, org.springframework.test.context.support.DirtiesContextTestExecutionListener, org.springframework.test.context.transaction.TransactionalTestExecutionListener, org.springframework.test.context.jdbc.SqlScriptsTestExecutionListener, org.springframework.test.context.event.EventPublishingTestExecutionListener]
2021-06-09 22:43:56.532  INFO 18184 --- [    Test worker] .b.t.c.SpringBootTestContextBootstrapper : Using TestExecutionListeners: [org.springframework.test.context.web.ServletTestExecutionListener@35aaef30, org.springframework.test.context.support.DirtiesContextBeforeModesTestExecutionListener@5b494970, org.springframework.test.context.event.ApplicationEventsTestExecutionListener@519fb5d3, org.springframework.boot.test.mock.mockito.MockitoTestExecutionListener@410ec560, org.springframework.boot.test.autoconfigure.SpringBootDependencyInjectionTestExecutionListener@233f611e, org.springframework.test.context.support.DirtiesContextTestExecutionListener@32acaec0, org.springframework.test.context.transaction.TransactionalTestExecutionListener@1e31a46b, org.springframework.test.context.jdbc.SqlScriptsTestExecutionListener@29a34708, org.springframework.test.context.event.EventPublishingTestExecutionListener@714cf4b3, org.springframework.boot.test.autoconfigure.restdocs.RestDocsTestExecutionListener@26418ef4, org.springframework.boot.test.autoconfigure.web.client.MockRestServiceServerResetTestExecutionListener@35c074ab, org.springframework.boot.test.autoconfigure.web.servlet.MockMvcPrintOnlyOnFailureTestExecutionListener@6e8ee1c, org.springframework.boot.test.autoconfigure.web.servlet.WebDriverTestExecutionListener@10177b1e, org.springframework.boot.test.autoconfigure.webservices.client.MockWebServiceServerTestExecutionListener@3a8b71c6, org.springframework.boot.test.mock.mockito.ResetMocksTestExecutionListener@cd83f10]
]]></system-out>
  <system-err><![CDATA[]]></system-err>
</testsuite>
